#! /usr/bin/vvp
:ivl_version "10.2 (stable)" "(v10_2)";
:ivl_delay_selection "TYPICAL";
:vpi_time_precision + 0;
:vpi_module "system";
:vpi_module "vhdl_sys";
:vpi_module "v2005_math";
:vpi_module "va_math";
S_0x55979e374ea0 .scope module, "main" "main" 2 90;
 .timescale 0 0;
v0x55979e3a03f0_0 .var *"_s0", 0 0; Local signal
v0x55979e3a04f0_0 .var "a", 0 0;
v0x55979e3a05b0_0 .var "c", 0 0;
v0x55979e3a0650_0 .var "res", 0 0;
v0x55979e3a06f0_0 .net "s", 2 0, L_0x55979e3a1750;  1 drivers
v0x55979e3a0790_0 .net "s1", 2 0, L_0x55979e3a1940;  1 drivers
v0x55979e3a0830_0 .net "s2", 2 0, L_0x55979e3a42f0;  1 drivers
S_0x55979e377850 .scope module, "FSM" "statem" 2 95, 2 13 0, S_0x55979e374ea0;
 .timescale 0 0;
    .port_info 0 /INPUT 1 "clk"
    .port_info 1 /INPUT 1 "reset"
    .port_info 2 /INPUT 1 "a"
    .port_info 3 /OUTPUT 3 "saida"
P_0x55979e375b20 .param/l "five" 0 2 17, C4<101>;
P_0x55979e375b60 .param/l "four" 0 2 17, C4<100>;
P_0x55979e375ba0 .param/l "six" 0 2 17, C4<110>;
P_0x55979e375be0 .param/l "three" 0 2 17, C4<011>;
P_0x55979e375c20 .param/l "two" 0 2 17, C4<010>;
P_0x55979e375c60 .param/l "zero" 0 2 17, C4<000>;
L_0x7f6385307018 .functor BUFT 1, C4<000>, C4<0>, C4<0>, C4<0>;
v0x55979e3722d0_0 .net/2u *"_s0", 2 0, L_0x7f6385307018;  1 drivers
L_0x7f63853070f0 .functor BUFT 1, C4<110>, C4<0>, C4<0>, C4<0>;
v0x55979e371380_0 .net/2u *"_s10", 2 0, L_0x7f63853070f0;  1 drivers
L_0x7f6385307138 .functor BUFT 1, C4<011>, C4<0>, C4<0>, C4<0>;
v0x55979e371450_0 .net/2u *"_s12", 2 0, L_0x7f6385307138;  1 drivers
v0x55979e3739f0_0 .net *"_s14", 0 0, L_0x55979e3a0ca0;  1 drivers
L_0x7f6385307180 .functor BUFT 1, C4<101>, C4<0>, C4<0>, C4<0>;
v0x55979e377c10_0 .net/2u *"_s16", 2 0, L_0x7f6385307180;  1 drivers
L_0x7f63853071c8 .functor BUFT 1, C4<100>, C4<0>, C4<0>, C4<0>;
v0x55979e376d60_0 .net/2u *"_s18", 2 0, L_0x7f63853071c8;  1 drivers
v0x55979e375eb0_0 .net *"_s2", 0 0, L_0x55979e3a0930;  1 drivers
v0x55979e39a0a0_0 .net *"_s20", 0 0, L_0x55979e3a0dc0;  1 drivers
L_0x7f6385307210 .functor BUFT 1, C4<100>, C4<0>, C4<0>, C4<0>;
v0x55979e39a160_0 .net/2u *"_s22", 2 0, L_0x7f6385307210;  1 drivers
L_0x7f6385307258 .functor BUFT 1, C4<101>, C4<0>, C4<0>, C4<0>;
v0x55979e39a240_0 .net/2u *"_s24", 2 0, L_0x7f6385307258;  1 drivers
v0x55979e39a320_0 .net *"_s26", 0 0, L_0x55979e3a0f80;  1 drivers
L_0x7f63853072a0 .functor BUFT 1, C4<101>, C4<0>, C4<0>, C4<0>;
v0x55979e39a3e0_0 .net/2u *"_s28", 2 0, L_0x7f63853072a0;  1 drivers
L_0x7f63853072e8 .functor BUFT 1, C4<110>, C4<0>, C4<0>, C4<0>;
v0x55979e39a4c0_0 .net/2u *"_s30", 2 0, L_0x7f63853072e8;  1 drivers
v0x55979e39a5a0_0 .net *"_s32", 2 0, L_0x55979e3a1080;  1 drivers
v0x55979e39a680_0 .net *"_s34", 2 0, L_0x55979e3a1250;  1 drivers
v0x55979e39a760_0 .net *"_s36", 2 0, L_0x55979e3a13e0;  1 drivers
v0x55979e39a840_0 .net *"_s38", 2 0, L_0x55979e3a15c0;  1 drivers
L_0x7f6385307060 .functor BUFT 1, C4<010>, C4<0>, C4<0>, C4<0>;
v0x55979e39a920_0 .net/2u *"_s4", 2 0, L_0x7f6385307060;  1 drivers
L_0x7f63853070a8 .functor BUFT 1, C4<010>, C4<0>, C4<0>, C4<0>;
v0x55979e39aa00_0 .net/2u *"_s6", 2 0, L_0x7f63853070a8;  1 drivers
v0x55979e39aae0_0 .net *"_s8", 0 0, L_0x55979e3a0ae0;  1 drivers
v0x55979e39aba0_0 .net "a", 0 0, v0x55979e3a04f0_0;  1 drivers
v0x55979e39ac60_0 .net "clk", 0 0, v0x55979e3a05b0_0;  1 drivers
v0x55979e39ad20_0 .net "reset", 0 0, v0x55979e3a0650_0;  1 drivers
v0x55979e39ade0_0 .net "saida", 2 0, L_0x55979e3a1750;  alias, 1 drivers
v0x55979e39aec0_0 .var "state", 2 0;
E_0x55979e3128d0/0 .event negedge, v0x55979e39ad20_0;
E_0x55979e3128d0/1 .event posedge, v0x55979e39ac60_0;
E_0x55979e3128d0 .event/or E_0x55979e3128d0/0, E_0x55979e3128d0/1;
L_0x55979e3a0930 .cmp/eq 3, v0x55979e39aec0_0, L_0x7f6385307018;
L_0x55979e3a0ae0 .cmp/eq 3, v0x55979e39aec0_0, L_0x7f63853070a8;
L_0x55979e3a0ca0 .cmp/eq 3, v0x55979e39aec0_0, L_0x7f6385307138;
L_0x55979e3a0dc0 .cmp/eq 3, v0x55979e39aec0_0, L_0x7f63853071c8;
L_0x55979e3a0f80 .cmp/eq 3, v0x55979e39aec0_0, L_0x7f6385307258;
L_0x55979e3a1080 .functor MUXZ 3, L_0x7f63853072e8, L_0x7f63853072a0, L_0x55979e3a0f80, C4<>;
L_0x55979e3a1250 .functor MUXZ 3, L_0x55979e3a1080, L_0x7f6385307210, L_0x55979e3a0dc0, C4<>;
L_0x55979e3a13e0 .functor MUXZ 3, L_0x55979e3a1250, L_0x7f6385307180, L_0x55979e3a0ca0, C4<>;
L_0x55979e3a15c0 .functor MUXZ 3, L_0x55979e3a13e0, L_0x7f63853070f0, L_0x55979e3a0ae0, C4<>;
L_0x55979e3a1750 .functor MUXZ 3, L_0x55979e3a15c0, L_0x7f6385307060, L_0x55979e3a0930, C4<>;
S_0x55979e39b020 .scope module, "FSM1" "statePorta" 2 96, 2 44 0, S_0x55979e374ea0;
 .timescale 0 0;
    .port_info 0 /INPUT 1 "clk"
    .port_info 1 /INPUT 1 "res"
    .port_info 2 /INPUT 1 "a"
    .port_info 3 /OUTPUT 3 "s"
L_0x55979e3a1940 .functor BUFZ 3, L_0x55979e3a4000, C4<000>, C4<000>, C4<000>;
L_0x55979e3a1b90 .functor AND 1, L_0x55979e3a1a00, L_0x55979e3a1af0, C4<1>, C4<1>;
L_0x55979e3a1ca0 .functor XOR 1, L_0x55979e3a1b90, v0x55979e3a04f0_0, C4<0>, C4<0>;
L_0x55979e3a1f20 .functor NOT 1, L_0x55979e3a1df0, C4<0>, C4<0>, C4<0>;
L_0x55979e3a2030 .functor NOT 1, L_0x55979e3a1f90, C4<0>, C4<0>, C4<0>;
L_0x55979e3a20a0 .functor AND 1, L_0x55979e3a1f20, L_0x55979e3a2030, C4<1>, C4<1>;
L_0x55979e3a21f0 .functor NOT 1, v0x55979e3a04f0_0, C4<0>, C4<0>, C4<0>;
L_0x55979e3a2260 .functor AND 1, L_0x55979e3a20a0, L_0x55979e3a21f0, C4<1>, C4<1>;
L_0x55979e3a2540 .functor NOT 1, L_0x55979e3a2460, C4<0>, C4<0>, C4<0>;
L_0x55979e3a2600 .functor AND 1, L_0x55979e3a23c0, L_0x55979e3a2540, C4<1>, C4<1>;
L_0x55979e3a2770 .functor NOT 1, v0x55979e3a04f0_0, C4<0>, C4<0>, C4<0>;
L_0x55979e3a27e0 .functor AND 1, L_0x55979e3a2600, L_0x55979e3a2770, C4<1>, C4<1>;
L_0x55979e3a2910 .functor OR 1, L_0x55979e3a2260, L_0x55979e3a27e0, C4<0>, C4<0>;
L_0x55979e3a2bd0 .functor NOT 1, v0x55979e3a04f0_0, C4<0>, C4<0>, C4<0>;
L_0x55979e3a28a0 .functor AND 1, L_0x55979e3a2a20, L_0x55979e3a2bd0, C4<1>, C4<1>;
L_0x55979e3a2d60 .functor OR 1, L_0x55979e3a2910, L_0x55979e3a28a0, C4<0>, C4<0>;
L_0x55979e3a3230 .functor AND 1, L_0x55979e3a3090, L_0x55979e3a3130, C4<1>, C4<1>;
L_0x55979e3a34a0 .functor NOT 1, L_0x55979e3a3390, C4<0>, C4<0>, C4<0>;
L_0x55979e3a3600 .functor AND 1, L_0x55979e3a32f0, L_0x55979e3a34a0, C4<1>, C4<1>;
L_0x55979e3a3710 .functor OR 1, L_0x55979e3a3230, L_0x55979e3a3600, C4<0>, C4<0>;
L_0x55979e3a38d0 .functor AND 1, L_0x55979e3a3560, v0x55979e3a04f0_0, C4<1>, C4<1>;
L_0x55979e3a3aa0 .functor OR 1, L_0x55979e3a3710, L_0x55979e3a38d0, C4<0>, C4<0>;
v0x55979e39c1c0_0 .net *"_s10", 0 0, L_0x55979e3a1ca0;  1 drivers
v0x55979e39c2c0_0 .net *"_s15", 0 0, L_0x55979e3a1df0;  1 drivers
v0x55979e39c3a0_0 .net *"_s16", 0 0, L_0x55979e3a1f20;  1 drivers
v0x55979e39c460_0 .net *"_s19", 0 0, L_0x55979e3a1f90;  1 drivers
v0x55979e39c540_0 .net *"_s20", 0 0, L_0x55979e3a2030;  1 drivers
v0x55979e39c670_0 .net *"_s22", 0 0, L_0x55979e3a20a0;  1 drivers
v0x55979e39c750_0 .net *"_s24", 0 0, L_0x55979e3a21f0;  1 drivers
v0x55979e39c830_0 .net *"_s26", 0 0, L_0x55979e3a2260;  1 drivers
v0x55979e39c910_0 .net *"_s29", 0 0, L_0x55979e3a23c0;  1 drivers
v0x55979e39c9f0_0 .net *"_s31", 0 0, L_0x55979e3a2460;  1 drivers
v0x55979e39cad0_0 .net *"_s32", 0 0, L_0x55979e3a2540;  1 drivers
v0x55979e39cbb0_0 .net *"_s34", 0 0, L_0x55979e3a2600;  1 drivers
v0x55979e39cc90_0 .net *"_s36", 0 0, L_0x55979e3a2770;  1 drivers
v0x55979e39cd70_0 .net *"_s38", 0 0, L_0x55979e3a27e0;  1 drivers
v0x55979e39ce50_0 .net *"_s40", 0 0, L_0x55979e3a2910;  1 drivers
v0x55979e39cf30_0 .net *"_s43", 0 0, L_0x55979e3a2a20;  1 drivers
v0x55979e39d010_0 .net *"_s44", 0 0, L_0x55979e3a2bd0;  1 drivers
v0x55979e39d0f0_0 .net *"_s46", 0 0, L_0x55979e3a28a0;  1 drivers
v0x55979e39d1d0_0 .net *"_s48", 0 0, L_0x55979e3a2d60;  1 drivers
v0x55979e39d2b0_0 .net *"_s5", 0 0, L_0x55979e3a1a00;  1 drivers
v0x55979e39d390_0 .net *"_s54", 0 0, L_0x55979e3a3090;  1 drivers
v0x55979e39d470_0 .net *"_s56", 0 0, L_0x55979e3a3130;  1 drivers
v0x55979e39d550_0 .net *"_s57", 0 0, L_0x55979e3a3230;  1 drivers
v0x55979e39d630_0 .net *"_s60", 0 0, L_0x55979e3a32f0;  1 drivers
v0x55979e39d710_0 .net *"_s62", 0 0, L_0x55979e3a3390;  1 drivers
v0x55979e39d7f0_0 .net *"_s63", 0 0, L_0x55979e3a34a0;  1 drivers
v0x55979e39d8d0_0 .net *"_s65", 0 0, L_0x55979e3a3600;  1 drivers
v0x55979e39d9b0_0 .net *"_s67", 0 0, L_0x55979e3a3710;  1 drivers
v0x55979e39da90_0 .net *"_s7", 0 0, L_0x55979e3a1af0;  1 drivers
v0x55979e39db70_0 .net *"_s70", 0 0, L_0x55979e3a3560;  1 drivers
v0x55979e39dc50_0 .net *"_s71", 0 0, L_0x55979e3a38d0;  1 drivers
v0x55979e39dd30_0 .net *"_s73", 0 0, L_0x55979e3a3aa0;  1 drivers
v0x55979e39de10_0 .net *"_s8", 0 0, L_0x55979e3a1b90;  1 drivers
v0x55979e39e100_0 .net "a", 0 0, v0x55979e3a04f0_0;  alias, 1 drivers
v0x55979e39e1a0_0 .net "clk", 0 0, v0x55979e3a05b0_0;  alias, 1 drivers
v0x55979e39e240_0 .net "e", 2 0, L_0x55979e3a4000;  1 drivers
v0x55979e39e300_0 .net "p", 2 0, L_0x55979e3a2f00;  1 drivers
v0x55979e39e3e0_0 .net "res", 0 0, v0x55979e3a0650_0;  alias, 1 drivers
v0x55979e39e480_0 .net "s", 2 0, L_0x55979e3a1940;  alias, 1 drivers
L_0x55979e3a1a00 .part L_0x55979e3a4000, 1, 1;
L_0x55979e3a1af0 .part L_0x55979e3a4000, 0, 1;
L_0x55979e3a1df0 .part L_0x55979e3a4000, 2, 1;
L_0x55979e3a1f90 .part L_0x55979e3a4000, 1, 1;
L_0x55979e3a23c0 .part L_0x55979e3a4000, 1, 1;
L_0x55979e3a2460 .part L_0x55979e3a4000, 0, 1;
L_0x55979e3a2a20 .part L_0x55979e3a4000, 2, 1;
L_0x55979e3a2f00 .concat8 [ 1 1 1 0], L_0x55979e3a3aa0, L_0x55979e3a2d60, L_0x55979e3a1ca0;
L_0x55979e3a3090 .part L_0x55979e3a4000, 2, 1;
L_0x55979e3a3130 .part L_0x55979e3a4000, 0, 1;
L_0x55979e3a32f0 .part L_0x55979e3a4000, 1, 1;
L_0x55979e3a3390 .part L_0x55979e3a4000, 0, 1;
L_0x55979e3a3560 .part L_0x55979e3a4000, 2, 1;
L_0x55979e3a3cc0 .part L_0x55979e3a2f00, 0, 1;
L_0x55979e3a3e30 .part L_0x55979e3a2f00, 1, 1;
L_0x55979e3a3ed0 .part L_0x55979e3a2f00, 2, 1;
L_0x55979e3a4000 .concat8 [ 1 1 1 0], v0x55979e39b4f0_0, v0x55979e39ba30_0, v0x55979e39bfa0_0;
S_0x55979e39b1c0 .scope module, "e0" "ff" 2 55, 2 1 0, S_0x55979e39b020;
 .timescale 0 0;
    .port_info 0 /INPUT 1 "data"
    .port_info 1 /INPUT 1 "c"
    .port_info 2 /INPUT 1 "r"
    .port_info 3 /OUTPUT 1 "q"
v0x55979e39b390_0 .net "c", 0 0, v0x55979e3a05b0_0;  alias, 1 drivers
v0x55979e39b450_0 .net "data", 0 0, L_0x55979e3a3cc0;  1 drivers
v0x55979e39b4f0_0 .var "q", 0 0;
v0x55979e39b590_0 .net "r", 0 0, v0x55979e3a0650_0;  alias, 1 drivers
S_0x55979e39b690 .scope module, "e1" "ff" 2 56, 2 1 0, S_0x55979e39b020;
 .timescale 0 0;
    .port_info 0 /INPUT 1 "data"
    .port_info 1 /INPUT 1 "c"
    .port_info 2 /INPUT 1 "r"
    .port_info 3 /OUTPUT 1 "q"
v0x55979e39b880_0 .net "c", 0 0, v0x55979e3a05b0_0;  alias, 1 drivers
v0x55979e39b970_0 .net "data", 0 0, L_0x55979e3a3e30;  1 drivers
v0x55979e39ba30_0 .var "q", 0 0;
v0x55979e39bad0_0 .net "r", 0 0, v0x55979e3a0650_0;  alias, 1 drivers
S_0x55979e39bc40 .scope module, "e2" "ff" 2 57, 2 1 0, S_0x55979e39b020;
 .timescale 0 0;
    .port_info 0 /INPUT 1 "data"
    .port_info 1 /INPUT 1 "c"
    .port_info 2 /INPUT 1 "r"
    .port_info 3 /OUTPUT 1 "q"
v0x55979e39be40_0 .net "c", 0 0, v0x55979e3a05b0_0;  alias, 1 drivers
v0x55979e39bee0_0 .net "data", 0 0, L_0x55979e3a3ed0;  1 drivers
v0x55979e39bfa0_0 .var "q", 0 0;
v0x55979e39c070_0 .net "r", 0 0, v0x55979e3a0650_0;  alias, 1 drivers
S_0x55979e39e610 .scope module, "FSM2" "stateMem" 2 97, 2 61 0, S_0x55979e374ea0;
 .timescale 0 0;
    .port_info 0 /INPUT 1 "clk"
    .port_info 1 /INPUT 1 "res"
    .port_info 2 /INPUT 1 "a"
    .port_info 3 /OUTPUT 3 "s"
L_0x55979e3a3430 .functor BUFZ 1, v0x55979e3a04f0_0, C4<0>, C4<0>, C4<0>;
L_0x55979e3a4230 .functor BUFZ 6, L_0x55979e3a40a0, C4<000000>, C4<000000>, C4<000000>;
v0x55979e39f900 .array "StateMachine", 15 0, 5 0;
v0x55979e39f9e0_0 .net *"_s3", 0 0, L_0x55979e3a3430;  1 drivers
v0x55979e39fac0_0 .net *"_s4", 5 0, L_0x55979e3a40a0;  1 drivers
v0x55979e39fb80_0 .net *"_s6", 5 0, L_0x55979e3a4140;  1 drivers
L_0x7f6385307330 .functor BUFT 1, C4<00>, C4<0>, C4<0>, C4<0>;
v0x55979e39fc60_0 .net *"_s9", 1 0, L_0x7f6385307330;  1 drivers
v0x55979e39fd90_0 .net "a", 0 0, v0x55979e3a04f0_0;  alias, 1 drivers
v0x55979e39fe80_0 .net "address", 3 0, L_0x55979e3a4640;  1 drivers
v0x55979e39ff60_0 .net "clk", 0 0, v0x55979e3a05b0_0;  alias, 1 drivers
v0x55979e3a0000_0 .net "dout", 5 0, L_0x55979e3a4230;  1 drivers
v0x55979e3a00e0_0 .net "res", 0 0, v0x55979e3a0650_0;  alias, 1 drivers
v0x55979e3a0290_0 .net "s", 2 0, L_0x55979e3a42f0;  alias, 1 drivers
L_0x55979e3a40a0 .array/port v0x55979e39f900, L_0x55979e3a4140;
L_0x55979e3a4140 .concat [ 4 2 0 0], L_0x55979e3a4640, L_0x7f6385307330;
L_0x55979e3a42f0 .part L_0x55979e3a4230, 0, 3;
L_0x55979e3a4430 .part L_0x55979e3a4230, 3, 1;
L_0x55979e3a4500 .part L_0x55979e3a4230, 4, 1;
L_0x55979e3a45a0 .part L_0x55979e3a4230, 5, 1;
L_0x55979e3a4640 .concat8 [ 1 1 1 1], v0x55979e39eb60_0, v0x55979e39f0f0_0, v0x55979e39f6e0_0, L_0x55979e3a3430;
S_0x55979e39e7c0 .scope module, "st0" "ff" 2 84, 2 1 0, S_0x55979e39e610;
 .timescale 0 0;
    .port_info 0 /INPUT 1 "data"
    .port_info 1 /INPUT 1 "c"
    .port_info 2 /INPUT 1 "r"
    .port_info 3 /OUTPUT 1 "q"
v0x55979e39e9e0_0 .net "c", 0 0, v0x55979e3a05b0_0;  alias, 1 drivers
v0x55979e39eaa0_0 .net "data", 0 0, L_0x55979e3a4430;  1 drivers
v0x55979e39eb60_0 .var "q", 0 0;
v0x55979e39ec30_0 .net "r", 0 0, v0x55979e3a0650_0;  alias, 1 drivers
S_0x55979e39ed80 .scope module, "st1" "ff" 2 85, 2 1 0, S_0x55979e39e610;
 .timescale 0 0;
    .port_info 0 /INPUT 1 "data"
    .port_info 1 /INPUT 1 "c"
    .port_info 2 /INPUT 1 "r"
    .port_info 3 /OUTPUT 1 "q"
v0x55979e39ef90_0 .net "c", 0 0, v0x55979e3a05b0_0;  alias, 1 drivers
v0x55979e39f030_0 .net "data", 0 0, L_0x55979e3a4500;  1 drivers
v0x55979e39f0f0_0 .var "q", 0 0;
v0x55979e39f1c0_0 .net "r", 0 0, v0x55979e3a0650_0;  alias, 1 drivers
S_0x55979e39f310 .scope module, "st2" "ff" 2 86, 2 1 0, S_0x55979e39e610;
 .timescale 0 0;
    .port_info 0 /INPUT 1 "data"
    .port_info 1 /INPUT 1 "c"
    .port_info 2 /INPUT 1 "r"
    .port_info 3 /OUTPUT 1 "q"
v0x55979e39f580_0 .net "c", 0 0, v0x55979e3a05b0_0;  alias, 1 drivers
v0x55979e39f620_0 .net "data", 0 0, L_0x55979e3a45a0;  1 drivers
v0x55979e39f6e0_0 .var "q", 0 0;
v0x55979e39f7b0_0 .net "r", 0 0, v0x55979e3a0650_0;  alias, 1 drivers
    .scope S_0x55979e377850;
T_0 ;
    %wait E_0x55979e3128d0;
    %load/vec4 v0x55979e39ad20_0;
    %pad/u 32;
    %cmpi/e 0, 0, 32;
    %jmp/0xz  T_0.0, 4;
    %pushi/vec4 0, 0, 3;
    %store/vec4 v0x55979e39aec0_0, 0, 3;
    %jmp T_0.1;
T_0.0 ;
    %load/vec4 v0x55979e39aec0_0;
    %dup/vec4;
    %pushi/vec4 0, 0, 3;
    %cmp/u;
    %jmp/1 T_0.2, 6;
    %dup/vec4;
    %pushi/vec4 2, 0, 3;
    %cmp/u;
    %jmp/1 T_0.3, 6;
    %dup/vec4;
    %pushi/vec4 3, 0, 3;
    %cmp/u;
    %jmp/1 T_0.4, 6;
    %dup/vec4;
    %pushi/vec4 4, 0, 3;
    %cmp/u;
    %jmp/1 T_0.5, 6;
    %dup/vec4;
    %pushi/vec4 5, 0, 3;
    %cmp/u;
    %jmp/1 T_0.6, 6;
    %dup/vec4;
    %pushi/vec4 6, 0, 3;
    %cmp/u;
    %jmp/1 T_0.7, 6;
    %jmp T_0.8;
T_0.2 ;
    %pushi/vec4 2, 0, 3;
    %store/vec4 v0x55979e39aec0_0, 0, 3;
    %jmp T_0.8;
T_0.3 ;
    %pushi/vec4 5, 0, 3;
    %store/vec4 v0x55979e39aec0_0, 0, 3;
    %jmp T_0.8;
T_0.4 ;
    %pushi/vec4 6, 0, 3;
    %store/vec4 v0x55979e39aec0_0, 0, 3;
    %jmp T_0.8;
T_0.5 ;
    %pushi/vec4 2, 0, 3;
    %store/vec4 v0x55979e39aec0_0, 0, 3;
    %jmp T_0.8;
T_0.6 ;
    %load/vec4 v0x55979e39aba0_0;
    %pad/u 32;
    %cmpi/e 1, 0, 32;
    %jmp/0xz  T_0.9, 4;
    %pushi/vec4 3, 0, 3;
    %store/vec4 v0x55979e39aec0_0, 0, 3;
    %jmp T_0.10;
T_0.9 ;
    %pushi/vec4 6, 0, 3;
    %store/vec4 v0x55979e39aec0_0, 0, 3;
T_0.10 ;
    %jmp T_0.8;
T_0.7 ;
    %pushi/vec4 4, 0, 3;
    %store/vec4 v0x55979e39aec0_0, 0, 3;
    %jmp T_0.8;
T_0.8 ;
    %pop/vec4 1;
T_0.1 ;
    %jmp T_0;
    .thread T_0;
    .scope S_0x55979e39b1c0;
T_1 ;
    %wait E_0x55979e3128d0;
    %load/vec4 v0x55979e39b590_0;
    %cmpi/e 0, 0, 1;
    %jmp/0xz  T_1.0, 4;
    %pushi/vec4 0, 0, 1;
    %assign/vec4 v0x55979e39b4f0_0, 0;
    %jmp T_1.1;
T_1.0 ;
    %load/vec4 v0x55979e39b450_0;
    %assign/vec4 v0x55979e39b4f0_0, 0;
T_1.1 ;
    %jmp T_1;
    .thread T_1;
    .scope S_0x55979e39b690;
T_2 ;
    %wait E_0x55979e3128d0;
    %load/vec4 v0x55979e39bad0_0;
    %cmpi/e 0, 0, 1;
    %jmp/0xz  T_2.0, 4;
    %pushi/vec4 0, 0, 1;
    %assign/vec4 v0x55979e39ba30_0, 0;
    %jmp T_2.1;
T_2.0 ;
    %load/vec4 v0x55979e39b970_0;
    %assign/vec4 v0x55979e39ba30_0, 0;
T_2.1 ;
    %jmp T_2;
    .thread T_2;
    .scope S_0x55979e39bc40;
T_3 ;
    %wait E_0x55979e3128d0;
    %load/vec4 v0x55979e39c070_0;
    %cmpi/e 0, 0, 1;
    %jmp/0xz  T_3.0, 4;
    %pushi/vec4 0, 0, 1;
    %assign/vec4 v0x55979e39bfa0_0, 0;
    %jmp T_3.1;
T_3.0 ;
    %load/vec4 v0x55979e39bee0_0;
    %assign/vec4 v0x55979e39bfa0_0, 0;
T_3.1 ;
    %jmp T_3;
    .thread T_3;
    .scope S_0x55979e39e7c0;
T_4 ;
    %wait E_0x55979e3128d0;
    %load/vec4 v0x55979e39ec30_0;
    %cmpi/e 0, 0, 1;
    %jmp/0xz  T_4.0, 4;
    %pushi/vec4 0, 0, 1;
    %assign/vec4 v0x55979e39eb60_0, 0;
    %jmp T_4.1;
T_4.0 ;
    %load/vec4 v0x55979e39eaa0_0;
    %assign/vec4 v0x55979e39eb60_0, 0;
T_4.1 ;
    %jmp T_4;
    .thread T_4;
    .scope S_0x55979e39ed80;
T_5 ;
    %wait E_0x55979e3128d0;
    %load/vec4 v0x55979e39f1c0_0;
    %cmpi/e 0, 0, 1;
    %jmp/0xz  T_5.0, 4;
    %pushi/vec4 0, 0, 1;
    %assign/vec4 v0x55979e39f0f0_0, 0;
    %jmp T_5.1;
T_5.0 ;
    %load/vec4 v0x55979e39f030_0;
    %assign/vec4 v0x55979e39f0f0_0, 0;
T_5.1 ;
    %jmp T_5;
    .thread T_5;
    .scope S_0x55979e39f310;
T_6 ;
    %wait E_0x55979e3128d0;
    %load/vec4 v0x55979e39f7b0_0;
    %cmpi/e 0, 0, 1;
    %jmp/0xz  T_6.0, 4;
    %pushi/vec4 0, 0, 1;
    %assign/vec4 v0x55979e39f6e0_0, 0;
    %jmp T_6.1;
T_6.0 ;
    %load/vec4 v0x55979e39f620_0;
    %assign/vec4 v0x55979e39f6e0_0, 0;
T_6.1 ;
    %jmp T_6;
    .thread T_6;
    .scope S_0x55979e39e610;
T_7 ;
    %pushi/vec4 8, 0, 6;
    %ix/load 4, 0, 0;
    %flag_set/imm 4, 0;
    %store/vec4a v0x55979e39f900, 4, 0;
    %pushi/vec4 17, 0, 6;
    %ix/load 4, 1, 0;
    %flag_set/imm 4, 0;
    %store/vec4a v0x55979e39f900, 4, 0;
    %pushi/vec4 29, 0, 6;
    %ix/load 4, 2, 0;
    %flag_set/imm 4, 0;
    %store/vec4a v0x55979e39f900, 4, 0;
    %pushi/vec4 37, 0, 6;
    %ix/load 4, 3, 0;
    %flag_set/imm 4, 0;
    %store/vec4a v0x55979e39f900, 4, 0;
    %pushi/vec4 12, 0, 6;
    %ix/load 4, 4, 0;
    %flag_set/imm 4, 0;
    %store/vec4a v0x55979e39f900, 4, 0;
    %pushi/vec4 8, 0, 6;
    %ix/load 4, 5, 0;
    %flag_set/imm 4, 0;
    %store/vec4a v0x55979e39f900, 4, 0;
    %pushi/vec4 8, 0, 6;
    %ix/load 4, 6, 0;
    %flag_set/imm 4, 0;
    %store/vec4a v0x55979e39f900, 4, 0;
    %pushi/vec4 8, 0, 6;
    %ix/load 4, 7, 0;
    %flag_set/imm 4, 0;
    %store/vec4a v0x55979e39f900, 4, 0;
    %pushi/vec4 8, 0, 6;
    %ix/load 4, 8, 0;
    %flag_set/imm 4, 0;
    %store/vec4a v0x55979e39f900, 4, 0;
    %pushi/vec4 8, 0, 6;
    %ix/load 4, 9, 0;
    %flag_set/imm 4, 0;
    %store/vec4a v0x55979e39f900, 4, 0;
    %pushi/vec4 45, 0, 6;
    %ix/load 4, 10, 0;
    %flag_set/imm 4, 0;
    %store/vec4a v0x55979e39f900, 4, 0;
    %pushi/vec4 14, 0, 6;
    %ix/load 4, 11, 0;
    %flag_set/imm 4, 0;
    %store/vec4a v0x55979e39f900, 4, 0;
    %pushi/vec4 20, 0, 6;
    %ix/load 4, 12, 0;
    %flag_set/imm 4, 0;
    %store/vec4a v0x55979e39f900, 4, 0;
    %pushi/vec4 29, 0, 6;
    %ix/load 4, 13, 0;
    %flag_set/imm 4, 0;
    %store/vec4a v0x55979e39f900, 4, 0;
    %pushi/vec4 8, 0, 6;
    %ix/load 4, 14, 0;
    %flag_set/imm 4, 0;
    %store/vec4a v0x55979e39f900, 4, 0;
    %pushi/vec4 8, 0, 6;
    %ix/load 4, 15, 0;
    %flag_set/imm 4, 0;
    %store/vec4a v0x55979e39f900, 4, 0;
    %end;
    .thread T_7;
    .scope S_0x55979e374ea0;
T_8 ;
    %pushi/vec4 0, 0, 1;
    %store/vec4 v0x55979e3a05b0_0, 0, 1;
    %end;
    .thread T_8;
    .scope S_0x55979e374ea0;
T_9 ;
    %load/vec4 v0x55979e3a05b0_0;
    %inv;
    %store/vec4 v0x55979e3a03f0_0, 0, 1;
    %pushi/vec4 1, 0, 64;
    %ix/vec4 4;
    %delayx 4;
    %load/vec4 v0x55979e3a03f0_0;
    %store/vec4 v0x55979e3a05b0_0, 0, 1;
    %jmp T_9;
    .thread T_9;
    .scope S_0x55979e374ea0;
T_10 ;
    %vpi_call 2 106 "$dumpfile", "out.vcd" {0 0 0};
    %vpi_call 2 107 "$dumpvars" {0 0 0};
    %end;
    .thread T_10;
    .scope S_0x55979e374ea0;
T_11 ;
    %vpi_call 2 112 "$monitor", $time, " c %b res %b a %b FSM %d Portas %d Mem %d", v0x55979e3a05b0_0, v0x55979e3a0650_0, v0x55979e3a04f0_0, v0x55979e3a06f0_0, v0x55979e3a0790_0, v0x55979e3a0830_0 {0 0 0};
    %delay 1, 0;
    %pushi/vec4 0, 0, 1;
    %store/vec4 v0x55979e3a0650_0, 0, 1;
    %pushi/vec4 0, 0, 1;
    %store/vec4 v0x55979e3a04f0_0, 0, 1;
    %delay 1, 0;
    %pushi/vec4 1, 0, 1;
    %store/vec4 v0x55979e3a0650_0, 0, 1;
    %delay 8, 0;
    %pushi/vec4 1, 0, 1;
    %store/vec4 v0x55979e3a04f0_0, 0, 1;
    %delay 16, 0;
    %pushi/vec4 0, 0, 1;
    %store/vec4 v0x55979e3a04f0_0, 0, 1;
    %delay 12, 0;
    %pushi/vec4 1, 0, 1;
    %store/vec4 v0x55979e3a04f0_0, 0, 1;
    %delay 4, 0;
    %vpi_call 2 119 "$finish" {0 0 0};
    %end;
    .thread T_11;
# The file index is used to find the file name in the following table.
:file_names 3;
    "N/A";
    "<interactive>";
    "fsm-cicle.v";
