#! /usr/bin/vvp
:ivl_version "10.2 (stable)" "(v10_2)";
:ivl_delay_selection "TYPICAL";
:vpi_time_precision + 0;
:vpi_module "system";
:vpi_module "vhdl_sys";
:vpi_module "v2005_math";
:vpi_module "va_math";
S_0x55b2ec41d9d0 .scope module, "top" "top" 2 33;
 .timescale 0 0;
v0x55b2ec47be70_0 .net "clk", 0 0, v0x55b2ec44a8f0_0;  1 drivers
S_0x55b2ec41d5f0 .scope module, "CLK" "clkGen" 2 35, 2 17 0, S_0x55b2ec41d9d0;
 .timescale 0 0;
    .port_info 0 /OUTPUT 1 "out"
v0x55b2ec440e60_0 .var *"_s0", 0 0; Local signal
v0x55b2ec44a8f0_0 .var "out", 0 0;
S_0x55b2ec4641f0 .scope module, "CPU" "cpu" 2 36, 3 30 0, S_0x55b2ec41d9d0;
 .timescale 0 0;
    .port_info 0 /INPUT 1 "clk"
P_0x55b2ec44cac0 .param/str "IM_DATA" 0 3 34, "im_data_ex2.txt";
P_0x55b2ec44cb00 .param/l "NMEM" 0 3 33, +C4<00000000000000000000000000010100>;
L_0x7f0865561a38 .functor BUFT 1, C4<1>, C4<0>, C4<0>, C4<0>;
L_0x55b2ec492c70 .functor XNOR 1, L_0x55b2ec492320, L_0x7f0865561a38, C4<0>, C4<0>;
L_0x7f0865561018 .functor BUFT 1, C4<00000000000000000000000000000100>, C4<0>, C4<0>, C4<0>;
v0x55b2ec476da0_0 .net/2u *"_s0", 31 0, L_0x7f0865561018;  1 drivers
v0x55b2ec476ea0_0 .net/2u *"_s144", 0 0, L_0x7f0865561a38;  1 drivers
v0x55b2ec476f80_0 .net *"_s146", 0 0, L_0x55b2ec492c70;  1 drivers
v0x55b2ec477020_0 .net *"_s17", 3 0, L_0x55b2ec48c930;  1 drivers
v0x55b2ec477100_0 .net *"_s19", 25 0, L_0x55b2ec48ca20;  1 drivers
L_0x7f08655610a8 .functor BUFT 1, C4<00>, C4<0>, C4<0>, C4<0>;
v0x55b2ec477230_0 .net/2u *"_s20", 1 0, L_0x7f08655610a8;  1 drivers
v0x55b2ec477310_0 .net *"_s25", 0 0, L_0x55b2ec48cda0;  1 drivers
v0x55b2ec4773f0_0 .net *"_s26", 15 0, L_0x55b2ec48ce40;  1 drivers
v0x55b2ec4774d0_0 .net *"_s29", 15 0, L_0x55b2ec48d060;  1 drivers
v0x55b2ec4775b0_0 .net *"_s47", 29 0, L_0x55b2ec48d710;  1 drivers
L_0x7f0865561180 .functor BUFT 1, C4<00>, C4<0>, C4<0>, C4<0>;
v0x55b2ec477690_0 .net/2u *"_s48", 1 0, L_0x7f0865561180;  1 drivers
v0x55b2ec477770_0 .net "aluctl", 3 0, v0x55b2ec466730_0;  1 drivers
v0x55b2ec477830_0 .net "aluop", 1 0, v0x55b2ec468ba0_0;  1 drivers
v0x55b2ec4778f0_0 .net "aluop_s3", 1 0, L_0x55b2ec48e6d0;  1 drivers
v0x55b2ec477990_0 .net "alurslt", 31 0, v0x55b2ec466000_0;  1 drivers
v0x55b2ec477a60_0 .net "alurslt_s4", 31 0, L_0x55b2ec4916d0;  1 drivers
v0x55b2ec477b30_0 .net "alurslt_s5", 31 0, v0x55b2ec46be40_0;  1 drivers
v0x55b2ec477d10_0 .net "alusrc", 0 0, v0x55b2ec468ca0_0;  1 drivers
v0x55b2ec477de0_0 .net "alusrc_data2", 31 0, L_0x55b2ec48f680;  1 drivers
v0x55b2ec477eb0_0 .net "alusrc_s3", 0 0, L_0x55b2ec48e910;  1 drivers
v0x55b2ec477f50_0 .net "baddr_s2", 31 0, L_0x55b2ec48dd00;  1 drivers
v0x55b2ec478020_0 .net "baddr_s3", 31 0, v0x55b2ec466fa0_0;  1 drivers
v0x55b2ec478110_0 .net "baddr_s4", 31 0, v0x55b2ec4677f0_0;  1 drivers
v0x55b2ec4781d0_0 .net "branch_eq_s2", 0 0, v0x55b2ec468d60_0;  1 drivers
v0x55b2ec4782a0_0 .net "branch_eq_s3", 0 0, L_0x55b2ec48ec00;  1 drivers
v0x55b2ec478340_0 .net "branch_eq_s4", 0 0, L_0x55b2ec491c50;  1 drivers
v0x55b2ec4783e0_0 .net "branch_ne_s2", 0 0, v0x55b2ec468e00_0;  1 drivers
v0x55b2ec4784b0_0 .net "branch_ne_s3", 0 0, L_0x55b2ec48eca0;  1 drivers
v0x55b2ec478550_0 .net "branch_ne_s4", 0 0, L_0x55b2ec491e70;  1 drivers
v0x55b2ec478610_0 .net "clk", 0 0, v0x55b2ec44a8f0_0;  alias, 1 drivers
v0x55b2ec4786b0_0 .net "data1", 31 0, v0x55b2ec474710_0;  1 drivers
v0x55b2ec4787a0_0 .net "data1_s3", 31 0, L_0x55b2ec48d400;  1 drivers
v0x55b2ec478860_0 .net "data2", 31 0, v0x55b2ec474810_0;  1 drivers
v0x55b2ec478b60_0 .net "data2_s3", 31 0, L_0x55b2ec48d530;  1 drivers
v0x55b2ec478c20_0 .net "data2_s4", 31 0, v0x55b2ec46c640_0;  1 drivers
o0x7f0865ce1b88 .functor BUFZ 1, C4<z>; HiZ drive
v0x55b2ec478d30_0 .net "flush_s1", 0 0, o0x7f0865ce1b88;  0 drivers
o0x7f0865cde9a8 .functor BUFZ 1, C4<z>; HiZ drive
v0x55b2ec478e20_0 .net "flush_s2", 0 0, o0x7f0865cde9a8;  0 drivers
o0x7f0865cdeb58 .functor BUFZ 1, C4<z>; HiZ drive
v0x55b2ec478ec0_0 .net "flush_s3", 0 0, o0x7f0865cdeb58;  0 drivers
v0x55b2ec478f60_0 .net "funct", 5 0, L_0x55b2ec48f960;  1 drivers
v0x55b2ec479020_0 .var "fw_data1_s3", 31 0;
v0x55b2ec4790c0_0 .var "fw_data2_s3", 31 0;
v0x55b2ec479190_0 .net "imm", 15 0, L_0x55b2ec48c7b0;  1 drivers
v0x55b2ec479250_0 .net "inst", 31 0, L_0x55b2ec3a9c40;  1 drivers
v0x55b2ec479360_0 .net "inst_s2", 31 0, v0x55b2ec475c40_0;  1 drivers
v0x55b2ec479420_0 .net "jaddr_s2", 31 0, L_0x55b2ec48cbd0;  1 drivers
v0x55b2ec4794f0_0 .net "jaddr_s3", 31 0, v0x55b2ec46ce50_0;  1 drivers
v0x55b2ec4795e0_0 .net "jaddr_s4", 31 0, v0x55b2ec46d660_0;  1 drivers
v0x55b2ec4796a0_0 .net "jump_s2", 0 0, v0x55b2ec468ec0_0;  1 drivers
v0x55b2ec479790_0 .net "jump_s3", 0 0, v0x55b2ec46de00_0;  1 drivers
v0x55b2ec479880_0 .net "jump_s4", 0 0, v0x55b2ec46e5f0_0;  1 drivers
v0x55b2ec479920_0 .net "memread", 0 0, v0x55b2ec468fd0_0;  1 drivers
v0x55b2ec4799c0_0 .net "memread_s3", 0 0, L_0x55b2ec48e2d0;  1 drivers
v0x55b2ec479a60_0 .net "memread_s4", 0 0, L_0x55b2ec48f2d0;  1 drivers
v0x55b2ec479b30_0 .net "memtoreg", 0 0, v0x55b2ec469090_0;  1 drivers
v0x55b2ec479c00_0 .net "memtoreg_s3", 0 0, L_0x55b2ec48e540;  1 drivers
v0x55b2ec479ca0_0 .net "memtoreg_s4", 0 0, L_0x55b2ec48ed90;  1 drivers
v0x55b2ec479d40_0 .net "memtoreg_s5", 0 0, L_0x55b2ec492320;  1 drivers
v0x55b2ec479de0_0 .net "memwrite", 0 0, v0x55b2ec469150_0;  1 drivers
v0x55b2ec479eb0_0 .net "memwrite_s3", 0 0, L_0x55b2ec48e4a0;  1 drivers
v0x55b2ec479f50_0 .net "memwrite_s4", 0 0, L_0x55b2ec48f500;  1 drivers
v0x55b2ec47a020_0 .net "opcode", 5 0, L_0x55b2ec48c410;  1 drivers
v0x55b2ec47a0f0_0 .var "pc", 31 0;
v0x55b2ec47a1c0_0 .net "pc4", 31 0, L_0x55b2ec48bf20;  1 drivers
v0x55b2ec47a290_0 .net "pc4_s2", 31 0, v0x55b2ec4763f0_0;  1 drivers
v0x55b2ec47a380_0 .net "pc4_s3", 31 0, v0x55b2ec46ef00_0;  1 drivers
v0x55b2ec47a830_0 .var "pcsrc", 0 0;
v0x55b2ec47a8d0_0 .net "rd", 4 0, L_0x55b2ec48c710;  1 drivers
v0x55b2ec47a9b0_0 .net "rd_s3", 4 0, L_0x55b2ec48d880;  1 drivers
v0x55b2ec47aa90_0 .net "rdata", 31 0, L_0x55b2ec4927c0;  1 drivers
v0x55b2ec47aba0_0 .net "rdata_s5", 31 0, v0x55b2ec46f730_0;  1 drivers
v0x55b2ec47ac60_0 .net "regdst", 0 0, v0x55b2ec469380_0;  1 drivers
v0x55b2ec47ad30_0 .net "regdst_s3", 0 0, L_0x55b2ec48e230;  1 drivers
v0x55b2ec47add0_0 .net "regwrite", 0 0, v0x55b2ec469440_0;  1 drivers
v0x55b2ec47aea0_0 .net "regwrite_s3", 0 0, L_0x55b2ec48e770;  1 drivers
v0x55b2ec47af40_0 .net "regwrite_s4", 0 0, L_0x55b2ec48f100;  1 drivers
v0x55b2ec47afe0_0 .net "regwrite_s5", 0 0, L_0x55b2ec492230;  1 drivers
v0x55b2ec47b0b0_0 .net "rs", 4 0, L_0x55b2ec48c550;  1 drivers
v0x55b2ec47b1a0_0 .net "rs_s3", 4 0, v0x55b2ec476c10_0;  1 drivers
v0x55b2ec47b260_0 .net "rt", 4 0, L_0x55b2ec48c5f0;  1 drivers
v0x55b2ec47b330_0 .net "rt_s3", 4 0, L_0x55b2ec48d7b0;  1 drivers
v0x55b2ec47b3f0_0 .net "seimm", 31 0, L_0x55b2ec48d100;  1 drivers
v0x55b2ec47b4e0_0 .net "seimm_s3", 31 0, v0x55b2ec471eb0_0;  1 drivers
v0x55b2ec47b5b0_0 .net "seimm_sl2", 31 0, L_0x55b2ec48dad0;  1 drivers
v0x55b2ec47b670_0 .net "shamt", 4 0, L_0x55b2ec48c890;  1 drivers
v0x55b2ec47b750_0 .var "stall_s1_s2", 0 0;
v0x55b2ec47b900_0 .net "wrdata_s5", 31 0, L_0x55b2ec492db0;  1 drivers
v0x55b2ec47b9f0_0 .net "wrreg", 4 0, L_0x55b2ec4917c0;  1 drivers
v0x55b2ec47bac0_0 .net "wrreg_s4", 4 0, v0x55b2ec472ef0_0;  1 drivers
v0x55b2ec47bbb0_0 .net "wrreg_s5", 4 0, v0x55b2ec473720_0;  1 drivers
v0x55b2ec47bcc0_0 .net "zero_s3", 0 0, L_0x55b2ec48fa50;  1 drivers
v0x55b2ec47bdb0_0 .net "zero_s4", 0 0, v0x55b2ec473f30_0;  1 drivers
E_0x55b2ec3bd0a0 .event edge, v0x55b2ec473f30_0, v0x55b2ec478340_0, v0x55b2ec478550_0;
L_0x55b2ec48bf20 .arith/sum 32, v0x55b2ec47a0f0_0, L_0x7f0865561018;
L_0x55b2ec48c410 .part v0x55b2ec475c40_0, 26, 6;
L_0x55b2ec48c550 .part v0x55b2ec475c40_0, 21, 5;
L_0x55b2ec48c5f0 .part v0x55b2ec475c40_0, 16, 5;
L_0x55b2ec48c710 .part v0x55b2ec475c40_0, 11, 5;
L_0x55b2ec48c7b0 .part v0x55b2ec475c40_0, 0, 16;
L_0x55b2ec48c890 .part v0x55b2ec475c40_0, 6, 5;
L_0x55b2ec48c930 .part v0x55b2ec47a0f0_0, 28, 4;
L_0x55b2ec48ca20 .part v0x55b2ec475c40_0, 0, 26;
L_0x55b2ec48cbd0 .concat [ 2 26 4 0], L_0x7f08655610a8, L_0x55b2ec48ca20, L_0x55b2ec48c930;
L_0x55b2ec48cda0 .part v0x55b2ec475c40_0, 15, 1;
LS_0x55b2ec48ce40_0_0 .concat [ 1 1 1 1], L_0x55b2ec48cda0, L_0x55b2ec48cda0, L_0x55b2ec48cda0, L_0x55b2ec48cda0;
LS_0x55b2ec48ce40_0_4 .concat [ 1 1 1 1], L_0x55b2ec48cda0, L_0x55b2ec48cda0, L_0x55b2ec48cda0, L_0x55b2ec48cda0;
LS_0x55b2ec48ce40_0_8 .concat [ 1 1 1 1], L_0x55b2ec48cda0, L_0x55b2ec48cda0, L_0x55b2ec48cda0, L_0x55b2ec48cda0;
LS_0x55b2ec48ce40_0_12 .concat [ 1 1 1 1], L_0x55b2ec48cda0, L_0x55b2ec48cda0, L_0x55b2ec48cda0, L_0x55b2ec48cda0;
L_0x55b2ec48ce40 .concat [ 4 4 4 4], LS_0x55b2ec48ce40_0_0, LS_0x55b2ec48ce40_0_4, LS_0x55b2ec48ce40_0_8, LS_0x55b2ec48ce40_0_12;
L_0x55b2ec48d060 .part v0x55b2ec475c40_0, 0, 16;
L_0x55b2ec48d100 .concat [ 16 16 0 0], L_0x55b2ec48d060, L_0x55b2ec48ce40;
L_0x55b2ec48d360 .concat [ 32 32 0 0], v0x55b2ec474810_0, v0x55b2ec474710_0;
L_0x55b2ec48d400 .part v0x55b2ec470f20_0, 32, 32;
L_0x55b2ec48d530 .part v0x55b2ec470f20_0, 0, 32;
L_0x55b2ec48d620 .concat [ 5 5 0 0], L_0x55b2ec48c710, L_0x55b2ec48c5f0;
L_0x55b2ec48d7b0 .part v0x55b2ec4716d0_0, 5, 5;
L_0x55b2ec48d880 .part v0x55b2ec4716d0_0, 0, 5;
L_0x55b2ec48d710 .part L_0x55b2ec48d100, 0, 30;
L_0x55b2ec48dad0 .concat [ 2 30 0 0], L_0x7f0865561180, L_0x55b2ec48d710;
L_0x55b2ec48dd00 .arith/sum 32, v0x55b2ec4763f0_0, L_0x55b2ec48dad0;
LS_0x55b2ec48de40_0_0 .concat [ 1 1 2 1], v0x55b2ec468ca0_0, v0x55b2ec469440_0, v0x55b2ec468ba0_0, v0x55b2ec469090_0;
LS_0x55b2ec48de40_0_4 .concat [ 1 1 1 0], v0x55b2ec469150_0, v0x55b2ec468fd0_0, v0x55b2ec469380_0;
L_0x55b2ec48de40 .concat [ 5 3 0 0], LS_0x55b2ec48de40_0_0, LS_0x55b2ec48de40_0_4;
L_0x55b2ec48e230 .part v0x55b2ec470740_0, 7, 1;
L_0x55b2ec48e2d0 .part v0x55b2ec470740_0, 6, 1;
L_0x55b2ec48e4a0 .part v0x55b2ec470740_0, 5, 1;
L_0x55b2ec48e540 .part v0x55b2ec470740_0, 4, 1;
L_0x55b2ec48e6d0 .part v0x55b2ec470740_0, 2, 2;
L_0x55b2ec48e770 .part v0x55b2ec470740_0, 1, 1;
L_0x55b2ec48e910 .part v0x55b2ec470740_0, 0, 1;
L_0x55b2ec48e9b0 .concat [ 1 1 0 0], v0x55b2ec468e00_0, v0x55b2ec468d60_0;
L_0x55b2ec48ec00 .part v0x55b2ec468000_0, 1, 1;
L_0x55b2ec48eca0 .part v0x55b2ec468000_0, 0, 1;
L_0x55b2ec48ef10 .concat [ 1 1 1 1], L_0x55b2ec48e4a0, L_0x55b2ec48e2d0, L_0x55b2ec48e540, L_0x55b2ec48e770;
L_0x55b2ec48f100 .part v0x55b2ec4726f0_0, 3, 1;
L_0x55b2ec48ed90 .part v0x55b2ec4726f0_0, 2, 1;
L_0x55b2ec48f2d0 .part v0x55b2ec4726f0_0, 1, 1;
L_0x55b2ec48f500 .part v0x55b2ec4726f0_0, 0, 1;
L_0x55b2ec48f680 .functor MUXZ 32, v0x55b2ec4790c0_0, v0x55b2ec471eb0_0, L_0x55b2ec48e910, C4<>;
L_0x55b2ec48f960 .part v0x55b2ec471eb0_0, 0, 6;
L_0x55b2ec4911f0 .concat [ 32 0 0 0], v0x55b2ec466000_0;
L_0x55b2ec4916d0 .part v0x55b2ec46b620_0, 0, 32;
L_0x55b2ec4917c0 .functor MUXZ 5, L_0x55b2ec48d7b0, L_0x55b2ec48d880, L_0x55b2ec48e230, C4<>;
L_0x55b2ec491b10 .concat [ 1 1 0 0], L_0x55b2ec48eca0, L_0x55b2ec48ec00;
L_0x55b2ec491c50 .part v0x55b2ec468810_0, 1, 1;
L_0x55b2ec491e70 .part v0x55b2ec468810_0, 0, 1;
L_0x55b2ec491f60 .concat [ 1 1 0 0], L_0x55b2ec48ed90, L_0x55b2ec48f100;
L_0x55b2ec492230 .part v0x55b2ec46ff30_0, 1, 1;
L_0x55b2ec492320 .part v0x55b2ec46ff30_0, 0, 1;
L_0x55b2ec4928b0 .part L_0x55b2ec4916d0, 2, 7;
L_0x55b2ec492db0 .functor MUXZ 32, v0x55b2ec46be40_0, v0x55b2ec46f730_0, L_0x55b2ec492c70, C4<>;
S_0x55b2ec4644e0 .scope module, "alu1" "alu" 3 259, 4 6 0, S_0x55b2ec4641f0;
 .timescale 0 0;
    .port_info 0 /INPUT 4 "ctl"
    .port_info 1 /INPUT 32 "a"
    .port_info 2 /INPUT 32 "b"
    .port_info 3 /OUTPUT 32 "out"
    .port_info 4 /OUTPUT 1 "zero"
L_0x55b2ec3c6b00 .functor XNOR 1, L_0x55b2ec48fdb0, L_0x55b2ec48fee0, C4<0>, C4<0>;
L_0x55b2ec3c6bf0 .functor XOR 1, L_0x55b2ec48ff80, L_0x55b2ec4900b0, C4<0>, C4<0>;
L_0x55b2ec3c8fc0 .functor AND 1, L_0x55b2ec3c6b00, L_0x55b2ec3c6bf0, C4<1>, C4<1>;
L_0x55b2ec3c8ed0 .functor XNOR 1, L_0x55b2ec490560, L_0x55b2ec490660, C4<0>, C4<0>;
L_0x55b2ec44ced0 .functor XOR 1, L_0x55b2ec490750, L_0x55b2ec4908b0, C4<0>, C4<0>;
L_0x55b2ec4909f0 .functor AND 1, L_0x55b2ec3c8ed0, L_0x55b2ec44ced0, C4<1>, C4<1>;
L_0x55b2ec490840 .functor NOT 1, L_0x55b2ec491150, C4<0>, C4<0>, C4<0>;
L_0x7f0865561378 .functor BUFT 1, C4<00000000000000000000000000000000>, C4<0>, C4<0>, C4<0>;
v0x55b2ec43fb40_0 .net/2u *"_s0", 31 0, L_0x7f0865561378;  1 drivers
v0x55b2ec449040_0 .net *"_s11", 0 0, L_0x55b2ec48fee0;  1 drivers
v0x55b2ec442b40_0 .net *"_s12", 0 0, L_0x55b2ec3c6b00;  1 drivers
v0x55b2ec42da10_0 .net *"_s15", 0 0, L_0x55b2ec48ff80;  1 drivers
v0x55b2ec443f70_0 .net *"_s17", 0 0, L_0x55b2ec4900b0;  1 drivers
v0x55b2ec4648a0_0 .net *"_s18", 0 0, L_0x55b2ec3c6bf0;  1 drivers
v0x55b2ec464960_0 .net *"_s20", 0 0, L_0x55b2ec3c8fc0;  1 drivers
L_0x7f08655613c0 .functor BUFT 1, C4<01>, C4<0>, C4<0>, C4<0>;
v0x55b2ec464a20_0 .net/2s *"_s22", 1 0, L_0x7f08655613c0;  1 drivers
L_0x7f0865561408 .functor BUFT 1, C4<00>, C4<0>, C4<0>, C4<0>;
v0x55b2ec464b00_0 .net/2s *"_s24", 1 0, L_0x7f0865561408;  1 drivers
v0x55b2ec464be0_0 .net *"_s26", 1 0, L_0x55b2ec490290;  1 drivers
v0x55b2ec464cc0_0 .net *"_s31", 0 0, L_0x55b2ec490560;  1 drivers
v0x55b2ec464da0_0 .net *"_s33", 0 0, L_0x55b2ec490660;  1 drivers
v0x55b2ec464e80_0 .net *"_s34", 0 0, L_0x55b2ec3c8ed0;  1 drivers
v0x55b2ec464f40_0 .net *"_s37", 0 0, L_0x55b2ec490750;  1 drivers
v0x55b2ec465020_0 .net *"_s39", 0 0, L_0x55b2ec4908b0;  1 drivers
v0x55b2ec465100_0 .net *"_s40", 0 0, L_0x55b2ec44ced0;  1 drivers
v0x55b2ec4651c0_0 .net *"_s42", 0 0, L_0x55b2ec4909f0;  1 drivers
L_0x7f0865561450 .functor BUFT 1, C4<01>, C4<0>, C4<0>, C4<0>;
v0x55b2ec465280_0 .net/2s *"_s44", 1 0, L_0x7f0865561450;  1 drivers
L_0x7f0865561498 .functor BUFT 1, C4<00>, C4<0>, C4<0>, C4<0>;
v0x55b2ec465360_0 .net/2s *"_s46", 1 0, L_0x7f0865561498;  1 drivers
v0x55b2ec465440_0 .net *"_s48", 1 0, L_0x55b2ec490b40;  1 drivers
L_0x7f08655614e0 .functor BUFT 1, C4<0010>, C4<0>, C4<0>, C4<0>;
v0x55b2ec465520_0 .net/2u *"_s52", 3 0, L_0x7f08655614e0;  1 drivers
v0x55b2ec465600_0 .net *"_s54", 0 0, L_0x55b2ec490e40;  1 drivers
v0x55b2ec4656c0_0 .net *"_s59", 0 0, L_0x55b2ec491150;  1 drivers
v0x55b2ec4657a0_0 .net *"_s60", 0 0, L_0x55b2ec490840;  1 drivers
v0x55b2ec465880_0 .net *"_s63", 0 0, L_0x55b2ec4912e0;  1 drivers
v0x55b2ec465960_0 .net *"_s9", 0 0, L_0x55b2ec48fdb0;  1 drivers
v0x55b2ec465a40_0 .net "a", 31 0, v0x55b2ec479020_0;  1 drivers
v0x55b2ec465b20_0 .net "add_ab", 31 0, L_0x55b2ec48fc80;  1 drivers
v0x55b2ec465c00_0 .net "b", 31 0, L_0x55b2ec48f680;  alias, 1 drivers
v0x55b2ec465ce0_0 .net "ctl", 3 0, v0x55b2ec466730_0;  alias, 1 drivers
v0x55b2ec465dc0_0 .net "oflow", 0 0, L_0x55b2ec490fc0;  1 drivers
v0x55b2ec465e80_0 .net "oflow_add", 0 0, L_0x55b2ec490470;  1 drivers
v0x55b2ec465f40_0 .net "oflow_sub", 0 0, L_0x55b2ec490d50;  1 drivers
v0x55b2ec466000_0 .var "out", 31 0;
v0x55b2ec4660e0_0 .net "slt", 0 0, L_0x55b2ec491380;  1 drivers
v0x55b2ec4661a0_0 .net "sub_ab", 31 0, L_0x55b2ec48fb90;  1 drivers
v0x55b2ec466280_0 .net "zero", 0 0, L_0x55b2ec48fa50;  alias, 1 drivers
E_0x55b2ec3bc620/0 .event edge, v0x55b2ec465ce0_0, v0x55b2ec465b20_0, v0x55b2ec465a40_0, v0x55b2ec465c00_0;
E_0x55b2ec3bc620/1 .event edge, v0x55b2ec4660e0_0, v0x55b2ec4661a0_0;
E_0x55b2ec3bc620 .event/or E_0x55b2ec3bc620/0, E_0x55b2ec3bc620/1;
L_0x55b2ec48fa50 .cmp/eq 32, L_0x7f0865561378, v0x55b2ec466000_0;
L_0x55b2ec48fb90 .arith/sub 32, v0x55b2ec479020_0, L_0x55b2ec48f680;
L_0x55b2ec48fc80 .arith/sum 32, v0x55b2ec479020_0, L_0x55b2ec48f680;
L_0x55b2ec48fdb0 .part v0x55b2ec479020_0, 31, 1;
L_0x55b2ec48fee0 .part L_0x55b2ec48f680, 31, 1;
L_0x55b2ec48ff80 .part L_0x55b2ec48fc80, 31, 1;
L_0x55b2ec4900b0 .part v0x55b2ec479020_0, 31, 1;
L_0x55b2ec490290 .functor MUXZ 2, L_0x7f0865561408, L_0x7f08655613c0, L_0x55b2ec3c8fc0, C4<>;
L_0x55b2ec490470 .part L_0x55b2ec490290, 0, 1;
L_0x55b2ec490560 .part v0x55b2ec479020_0, 31, 1;
L_0x55b2ec490660 .part L_0x55b2ec48f680, 31, 1;
L_0x55b2ec490750 .part L_0x55b2ec48fb90, 31, 1;
L_0x55b2ec4908b0 .part v0x55b2ec479020_0, 31, 1;
L_0x55b2ec490b40 .functor MUXZ 2, L_0x7f0865561498, L_0x7f0865561450, L_0x55b2ec4909f0, C4<>;
L_0x55b2ec490d50 .part L_0x55b2ec490b40, 0, 1;
L_0x55b2ec490e40 .cmp/eq 4, v0x55b2ec466730_0, L_0x7f08655614e0;
L_0x55b2ec490fc0 .functor MUXZ 1, L_0x55b2ec490d50, L_0x55b2ec490470, L_0x55b2ec490e40, C4<>;
L_0x55b2ec491150 .part v0x55b2ec479020_0, 31, 1;
L_0x55b2ec4912e0 .part v0x55b2ec479020_0, 31, 1;
L_0x55b2ec491380 .functor MUXZ 1, L_0x55b2ec4912e0, L_0x55b2ec490840, L_0x55b2ec490d50, C4<>;
S_0x55b2ec4663e0 .scope module, "alu_ctl1" "alu_control" 3 253, 5 4 0, S_0x55b2ec4641f0;
 .timescale 0 0;
    .port_info 0 /INPUT 6 "funct"
    .port_info 1 /INPUT 2 "aluop"
    .port_info 2 /OUTPUT 4 "aluctl"
v0x55b2ec466630_0 .var "_funct", 3 0;
v0x55b2ec466730_0 .var "aluctl", 3 0;
v0x55b2ec4667f0_0 .net "aluop", 1 0, L_0x55b2ec48e6d0;  alias, 1 drivers
v0x55b2ec466890_0 .net "funct", 5 0, L_0x55b2ec48f960;  alias, 1 drivers
E_0x55b2ec3bd380 .event edge, v0x55b2ec4667f0_0, v0x55b2ec466630_0;
E_0x55b2ec3bcac0 .event edge, v0x55b2ec466890_0;
S_0x55b2ec4669f0 .scope module, "baddr_s2_s3" "regr" 3 219, 6 31 0, S_0x55b2ec4641f0;
 .timescale 0 0;
    .port_info 0 /INPUT 1 "clk"
    .port_info 1 /INPUT 1 "clear"
    .port_info 2 /INPUT 1 "hold"
    .port_info 3 /INPUT 32 "in"
    .port_info 4 /OUTPUT 32 "out"
P_0x55b2ec466bc0 .param/l "N" 0 6 38, +C4<00000000000000000000000000100000>;
v0x55b2ec466c80_0 .net "clear", 0 0, o0x7f0865cde9a8;  alias, 0 drivers
v0x55b2ec466d40_0 .net "clk", 0 0, v0x55b2ec44a8f0_0;  alias, 1 drivers
L_0x7f0865561258 .functor BUFT 1, C4<0>, C4<0>, C4<0>, C4<0>;
v0x55b2ec466e30_0 .net "hold", 0 0, L_0x7f0865561258;  1 drivers
v0x55b2ec466f00_0 .net "in", 31 0, L_0x55b2ec48dd00;  alias, 1 drivers
v0x55b2ec466fa0_0 .var "out", 31 0;
E_0x55b2ec3bc820 .event posedge, v0x55b2ec44a8f0_0;
S_0x55b2ec467170 .scope module, "baddr_s3_s4" "regr" 3 291, 6 31 0, S_0x55b2ec4641f0;
 .timescale 0 0;
    .port_info 0 /INPUT 1 "clk"
    .port_info 1 /INPUT 1 "clear"
    .port_info 2 /INPUT 1 "hold"
    .port_info 3 /INPUT 32 "in"
    .port_info 4 /OUTPUT 32 "out"
P_0x55b2ec467340 .param/l "N" 0 6 38, +C4<00000000000000000000000000100000>;
v0x55b2ec467490_0 .net "clear", 0 0, o0x7f0865cdeb58;  alias, 0 drivers
v0x55b2ec467570_0 .net "clk", 0 0, v0x55b2ec44a8f0_0;  alias, 1 drivers
L_0x7f08655616d8 .functor BUFT 1, C4<0>, C4<0>, C4<0>, C4<0>;
v0x55b2ec467680_0 .net "hold", 0 0, L_0x7f08655616d8;  1 drivers
v0x55b2ec467720_0 .net "in", 31 0, v0x55b2ec466fa0_0;  alias, 1 drivers
v0x55b2ec4677f0_0 .var "out", 31 0;
S_0x55b2ec4679a0 .scope module, "branch_s2_s3" "regr" 3 214, 6 31 0, S_0x55b2ec4641f0;
 .timescale 0 0;
    .port_info 0 /INPUT 1 "clk"
    .port_info 1 /INPUT 1 "clear"
    .port_info 2 /INPUT 1 "hold"
    .port_info 3 /INPUT 2 "in"
    .port_info 4 /OUTPUT 2 "out"
P_0x55b2ec467bc0 .param/l "N" 0 6 38, +C4<00000000000000000000000000000010>;
v0x55b2ec467ce0_0 .net "clear", 0 0, o0x7f0865cde9a8;  alias, 0 drivers
v0x55b2ec467dd0_0 .net "clk", 0 0, v0x55b2ec44a8f0_0;  alias, 1 drivers
L_0x7f0865561210 .functor BUFT 1, C4<0>, C4<0>, C4<0>, C4<0>;
v0x55b2ec467e70_0 .net "hold", 0 0, L_0x7f0865561210;  1 drivers
v0x55b2ec467f40_0 .net "in", 1 0, L_0x55b2ec48e9b0;  1 drivers
v0x55b2ec468000_0 .var "out", 1 0;
S_0x55b2ec4681d0 .scope module, "branch_s3_s4" "regr" 3 286, 6 31 0, S_0x55b2ec4641f0;
 .timescale 0 0;
    .port_info 0 /INPUT 1 "clk"
    .port_info 1 /INPUT 1 "clear"
    .port_info 2 /INPUT 1 "hold"
    .port_info 3 /INPUT 2 "in"
    .port_info 4 /OUTPUT 2 "out"
P_0x55b2ec4683a0 .param/l "N" 0 6 38, +C4<00000000000000000000000000000010>;
v0x55b2ec4684f0_0 .net "clear", 0 0, o0x7f0865cdeb58;  alias, 0 drivers
v0x55b2ec4685e0_0 .net "clk", 0 0, v0x55b2ec44a8f0_0;  alias, 1 drivers
L_0x7f0865561690 .functor BUFT 1, C4<0>, C4<0>, C4<0>, C4<0>;
v0x55b2ec468680_0 .net "hold", 0 0, L_0x7f0865561690;  1 drivers
v0x55b2ec468750_0 .net "in", 1 0, L_0x55b2ec491b10;  1 drivers
v0x55b2ec468810_0 .var "out", 1 0;
S_0x55b2ec468990 .scope module, "ctl1" "control" 3 183, 7 4 0, S_0x55b2ec4641f0;
 .timescale 0 0;
    .port_info 0 /INPUT 6 "opcode"
    .port_info 1 /OUTPUT 1 "branch_eq"
    .port_info 2 /OUTPUT 1 "branch_ne"
    .port_info 3 /OUTPUT 2 "aluop"
    .port_info 4 /OUTPUT 1 "memread"
    .port_info 5 /OUTPUT 1 "memwrite"
    .port_info 6 /OUTPUT 1 "memtoreg"
    .port_info 7 /OUTPUT 1 "regdst"
    .port_info 8 /OUTPUT 1 "regwrite"
    .port_info 9 /OUTPUT 1 "alusrc"
    .port_info 10 /OUTPUT 1 "jump"
v0x55b2ec468ba0_0 .var "aluop", 1 0;
v0x55b2ec468ca0_0 .var "alusrc", 0 0;
v0x55b2ec468d60_0 .var "branch_eq", 0 0;
v0x55b2ec468e00_0 .var "branch_ne", 0 0;
v0x55b2ec468ec0_0 .var "jump", 0 0;
v0x55b2ec468fd0_0 .var "memread", 0 0;
v0x55b2ec469090_0 .var "memtoreg", 0 0;
v0x55b2ec469150_0 .var "memwrite", 0 0;
v0x55b2ec469210_0 .net "opcode", 5 0, L_0x55b2ec48c410;  alias, 1 drivers
v0x55b2ec469380_0 .var "regdst", 0 0;
v0x55b2ec469440_0 .var "regwrite", 0 0;
E_0x55b2ec451310 .event edge, v0x55b2ec469210_0;
S_0x55b2ec469660 .scope module, "dm1" "dm" 3 314, 8 21 0, S_0x55b2ec4641f0;
 .timescale 0 0;
    .port_info 0 /INPUT 1 "clk"
    .port_info 1 /INPUT 7 "addr"
    .port_info 2 /INPUT 1 "rd"
    .port_info 3 /INPUT 1 "wr"
    .port_info 4 /INPUT 32 "wdata"
    .port_info 5 /OUTPUT 32 "rdata"
P_0x55b2ec4697e0 .param/l "NMEM" 0 8 28, +C4<00000000000000000000000000010100>;
P_0x55b2ec469820 .param/str "RM_DATA" 0 8 30, "dm_data.txt";
v0x55b2ec469aa0_0 .net *"_s0", 31 0, L_0x55b2ec4925b0;  1 drivers
v0x55b2ec469ba0_0 .net *"_s2", 8 0, L_0x55b2ec492650;  1 drivers
L_0x7f0865561840 .functor BUFT 1, C4<00>, C4<0>, C4<0>, C4<0>;
v0x55b2ec469c80_0 .net *"_s5", 1 0, L_0x7f0865561840;  1 drivers
v0x55b2ec469d70_0 .net "addr", 6 0, L_0x55b2ec4928b0;  1 drivers
v0x55b2ec469e50_0 .net "clk", 0 0, v0x55b2ec44a8f0_0;  alias, 1 drivers
v0x55b2ec469f40 .array "mem", 127 0, 31 0;
v0x55b2ec46a000_0 .net "rd", 0 0, L_0x55b2ec48f2d0;  alias, 1 drivers
v0x55b2ec46a0c0_0 .net "rdata", 31 0, L_0x55b2ec4927c0;  alias, 1 drivers
v0x55b2ec46a1a0_0 .net "wdata", 31 0, v0x55b2ec46c640_0;  alias, 1 drivers
v0x55b2ec46a280_0 .net "wr", 0 0, L_0x55b2ec48f500;  alias, 1 drivers
L_0x55b2ec4925b0 .array/port v0x55b2ec469f40, L_0x55b2ec492650;
L_0x55b2ec492650 .concat [ 7 2 0 0], L_0x55b2ec4928b0, L_0x7f0865561840;
L_0x55b2ec4927c0 .functor MUXZ 32, L_0x55b2ec4925b0, v0x55b2ec46c640_0, L_0x55b2ec48f500, C4<>;
S_0x55b2ec46a440 .scope module, "im1" "im" 3 111, 9 24 0, S_0x55b2ec4641f0;
 .timescale 0 0;
    .port_info 0 /INPUT 1 "clk"
    .port_info 1 /INPUT 32 "addr"
    .port_info 2 /OUTPUT 32 "data"
P_0x55b2ec46a650 .param/str "IM_DATA" 0 9 31, "im_data_ex2.txt";
P_0x55b2ec46a690 .param/l "NMEM" 0 9 29, +C4<00000000000000000000000000010100>;
L_0x55b2ec3a9c40 .functor BUFZ 32, L_0x55b2ec48c0d0, C4<00000000000000000000000000000000>, C4<00000000000000000000000000000000>, C4<00000000000000000000000000000000>;
v0x55b2ec46a850_0 .net *"_s0", 31 0, L_0x55b2ec48c0d0;  1 drivers
v0x55b2ec46a950_0 .net *"_s3", 6 0, L_0x55b2ec48c190;  1 drivers
v0x55b2ec46aa30_0 .net *"_s4", 8 0, L_0x55b2ec48c230;  1 drivers
L_0x7f0865561060 .functor BUFT 1, C4<00>, C4<0>, C4<0>, C4<0>;
v0x55b2ec46ab20_0 .net *"_s7", 1 0, L_0x7f0865561060;  1 drivers
v0x55b2ec46ac00_0 .net "addr", 31 0, v0x55b2ec47a0f0_0;  1 drivers
v0x55b2ec46ad30_0 .net "clk", 0 0, v0x55b2ec44a8f0_0;  alias, 1 drivers
v0x55b2ec46add0_0 .net "data", 31 0, L_0x55b2ec3a9c40;  alias, 1 drivers
v0x55b2ec46aeb0 .array "mem", 127 0, 31 0;
L_0x55b2ec48c0d0 .array/port v0x55b2ec46aeb0, L_0x55b2ec48c230;
L_0x55b2ec48c190 .part v0x55b2ec47a0f0_0, 2, 7;
L_0x55b2ec48c230 .concat [ 7 2 0 0], L_0x55b2ec48c190, L_0x7f0865561060;
S_0x55b2ec46aff0 .scope module, "reg_alurslt" "regr" 3 267, 6 31 0, S_0x55b2ec4641f0;
 .timescale 0 0;
    .port_info 0 /INPUT 1 "clk"
    .port_info 1 /INPUT 1 "clear"
    .port_info 2 /INPUT 1 "hold"
    .port_info 3 /INPUT 32 "in"
    .port_info 4 /OUTPUT 32 "out"
P_0x55b2ec46b1c0 .param/l "N" 0 6 38, +C4<00000000000000000000000000100000>;
v0x55b2ec46b310_0 .net "clear", 0 0, o0x7f0865cdeb58;  alias, 0 drivers
v0x55b2ec46b400_0 .net "clk", 0 0, v0x55b2ec44a8f0_0;  alias, 1 drivers
L_0x7f08655615b8 .functor BUFT 1, C4<0>, C4<0>, C4<0>, C4<0>;
v0x55b2ec46b4c0_0 .net "hold", 0 0, L_0x7f08655615b8;  1 drivers
v0x55b2ec46b560_0 .net "in", 31 0, L_0x55b2ec4911f0;  1 drivers
v0x55b2ec46b620_0 .var "out", 31 0;
S_0x55b2ec46b7f0 .scope module, "reg_alurslt_s4" "regr" 3 324, 6 31 0, S_0x55b2ec4641f0;
 .timescale 0 0;
    .port_info 0 /INPUT 1 "clk"
    .port_info 1 /INPUT 1 "clear"
    .port_info 2 /INPUT 1 "hold"
    .port_info 3 /INPUT 32 "in"
    .port_info 4 /OUTPUT 32 "out"
P_0x55b2ec46b9c0 .param/l "N" 0 6 38, +C4<00000000000000000000000000100000>;
L_0x7f0865561918 .functor BUFT 1, C4<0>, C4<0>, C4<0>, C4<0>;
v0x55b2ec46bb10_0 .net "clear", 0 0, L_0x7f0865561918;  1 drivers
v0x55b2ec46bbf0_0 .net "clk", 0 0, v0x55b2ec44a8f0_0;  alias, 1 drivers
L_0x7f0865561960 .functor BUFT 1, C4<0>, C4<0>, C4<0>, C4<0>;
v0x55b2ec46bcb0_0 .net "hold", 0 0, L_0x7f0865561960;  1 drivers
v0x55b2ec46bd80_0 .net "in", 31 0, L_0x55b2ec4916d0;  alias, 1 drivers
v0x55b2ec46be40_0 .var "out", 31 0;
S_0x55b2ec46c010 .scope module, "reg_data2_s3" "regr" 3 274, 6 31 0, S_0x55b2ec4641f0;
 .timescale 0 0;
    .port_info 0 /INPUT 1 "clk"
    .port_info 1 /INPUT 1 "clear"
    .port_info 2 /INPUT 1 "hold"
    .port_info 3 /INPUT 32 "in"
    .port_info 4 /OUTPUT 32 "out"
P_0x55b2ec46c1e0 .param/l "N" 0 6 38, +C4<00000000000000000000000000100000>;
v0x55b2ec46c330_0 .net "clear", 0 0, o0x7f0865cdeb58;  alias, 0 drivers
v0x55b2ec46c3f0_0 .net "clk", 0 0, v0x55b2ec44a8f0_0;  alias, 1 drivers
L_0x7f0865561600 .functor BUFT 1, C4<0>, C4<0>, C4<0>, C4<0>;
v0x55b2ec46c4b0_0 .net "hold", 0 0, L_0x7f0865561600;  1 drivers
v0x55b2ec46c580_0 .net "in", 31 0, v0x55b2ec4790c0_0;  1 drivers
v0x55b2ec46c640_0 .var "out", 31 0;
S_0x55b2ec46c800 .scope module, "reg_jaddr_s3" "regr" 3 228, 6 31 0, S_0x55b2ec4641f0;
 .timescale 0 0;
    .port_info 0 /INPUT 1 "clk"
    .port_info 1 /INPUT 1 "clear"
    .port_info 2 /INPUT 1 "hold"
    .port_info 3 /INPUT 32 "in"
    .port_info 4 /OUTPUT 32 "out"
P_0x55b2ec46c9d0 .param/l "N" 0 6 38, +C4<00000000000000000000000000100000>;
v0x55b2ec46cb20_0 .net "clear", 0 0, o0x7f0865cde9a8;  alias, 0 drivers
v0x55b2ec46cc30_0 .net "clk", 0 0, v0x55b2ec44a8f0_0;  alias, 1 drivers
L_0x7f08655612e8 .functor BUFT 1, C4<0>, C4<0>, C4<0>, C4<0>;
v0x55b2ec46ccf0_0 .net "hold", 0 0, L_0x7f08655612e8;  1 drivers
v0x55b2ec46cd90_0 .net "in", 31 0, L_0x55b2ec48cbd0;  alias, 1 drivers
v0x55b2ec46ce50_0 .var "out", 31 0;
S_0x55b2ec46d020 .scope module, "reg_jaddr_s4" "regr" 3 300, 6 31 0, S_0x55b2ec4641f0;
 .timescale 0 0;
    .port_info 0 /INPUT 1 "clk"
    .port_info 1 /INPUT 1 "clear"
    .port_info 2 /INPUT 1 "hold"
    .port_info 3 /INPUT 32 "in"
    .port_info 4 /OUTPUT 32 "out"
P_0x55b2ec46d1f0 .param/l "N" 0 6 38, +C4<00000000000000000000000000100000>;
v0x55b2ec46d340_0 .net "clear", 0 0, o0x7f0865cdeb58;  alias, 0 drivers
v0x55b2ec46d400_0 .net "clk", 0 0, v0x55b2ec44a8f0_0;  alias, 1 drivers
L_0x7f0865561768 .functor BUFT 1, C4<0>, C4<0>, C4<0>, C4<0>;
v0x55b2ec46d4c0_0 .net "hold", 0 0, L_0x7f0865561768;  1 drivers
v0x55b2ec46d590_0 .net "in", 31 0, v0x55b2ec46ce50_0;  alias, 1 drivers
v0x55b2ec46d660_0 .var "out", 31 0;
S_0x55b2ec46d7c0 .scope module, "reg_jump_s3" "regr" 3 223, 6 31 0, S_0x55b2ec4641f0;
 .timescale 0 0;
    .port_info 0 /INPUT 1 "clk"
    .port_info 1 /INPUT 1 "clear"
    .port_info 2 /INPUT 1 "hold"
    .port_info 3 /INPUT 1 "in"
    .port_info 4 /OUTPUT 1 "out"
P_0x55b2ec46d990 .param/l "N" 0 6 38, +C4<00000000000000000000000000000001>;
v0x55b2ec46dae0_0 .net "clear", 0 0, o0x7f0865cde9a8;  alias, 0 drivers
v0x55b2ec46dba0_0 .net "clk", 0 0, v0x55b2ec44a8f0_0;  alias, 1 drivers
L_0x7f08655612a0 .functor BUFT 1, C4<0>, C4<0>, C4<0>, C4<0>;
v0x55b2ec46dc60_0 .net "hold", 0 0, L_0x7f08655612a0;  1 drivers
v0x55b2ec46dd30_0 .net "in", 0 0, v0x55b2ec468ec0_0;  alias, 1 drivers
v0x55b2ec46de00_0 .var "out", 0 0;
S_0x55b2ec46dfb0 .scope module, "reg_jump_s4" "regr" 3 295, 6 31 0, S_0x55b2ec4641f0;
 .timescale 0 0;
    .port_info 0 /INPUT 1 "clk"
    .port_info 1 /INPUT 1 "clear"
    .port_info 2 /INPUT 1 "hold"
    .port_info 3 /INPUT 1 "in"
    .port_info 4 /OUTPUT 1 "out"
P_0x55b2ec46e180 .param/l "N" 0 6 38, +C4<00000000000000000000000000000001>;
v0x55b2ec46e2d0_0 .net "clear", 0 0, o0x7f0865cdeb58;  alias, 0 drivers
v0x55b2ec46e390_0 .net "clk", 0 0, v0x55b2ec44a8f0_0;  alias, 1 drivers
L_0x7f0865561720 .functor BUFT 1, C4<0>, C4<0>, C4<0>, C4<0>;
v0x55b2ec46e450_0 .net "hold", 0 0, L_0x7f0865561720;  1 drivers
v0x55b2ec46e520_0 .net "in", 0 0, v0x55b2ec46de00_0;  alias, 1 drivers
v0x55b2ec46e5f0_0 .var "out", 0 0;
S_0x55b2ec46e7a0 .scope module, "reg_pc4_s2" "regr" 3 168, 6 31 0, S_0x55b2ec4641f0;
 .timescale 0 0;
    .port_info 0 /INPUT 1 "clk"
    .port_info 1 /INPUT 1 "clear"
    .port_info 2 /INPUT 1 "hold"
    .port_info 3 /INPUT 32 "in"
    .port_info 4 /OUTPUT 32 "out"
P_0x55b2ec46ea80 .param/l "N" 0 6 38, +C4<00000000000000000000000000100000>;
L_0x7f0865561138 .functor BUFT 1, C4<0>, C4<0>, C4<0>, C4<0>;
v0x55b2ec46ebd0_0 .net "clear", 0 0, L_0x7f0865561138;  1 drivers
v0x55b2ec46ecb0_0 .net "clk", 0 0, v0x55b2ec44a8f0_0;  alias, 1 drivers
v0x55b2ec46ed70_0 .net "hold", 0 0, v0x55b2ec47b750_0;  1 drivers
v0x55b2ec46ee40_0 .net "in", 31 0, v0x55b2ec4763f0_0;  alias, 1 drivers
v0x55b2ec46ef00_0 .var "out", 31 0;
S_0x55b2ec46f0d0 .scope module, "reg_rdata_s4" "regr" 3 318, 6 31 0, S_0x55b2ec4641f0;
 .timescale 0 0;
    .port_info 0 /INPUT 1 "clk"
    .port_info 1 /INPUT 1 "clear"
    .port_info 2 /INPUT 1 "hold"
    .port_info 3 /INPUT 32 "in"
    .port_info 4 /OUTPUT 32 "out"
P_0x55b2ec46f2a0 .param/l "N" 0 6 38, +C4<00000000000000000000000000100000>;
L_0x7f0865561888 .functor BUFT 1, C4<0>, C4<0>, C4<0>, C4<0>;
v0x55b2ec46f3f0_0 .net "clear", 0 0, L_0x7f0865561888;  1 drivers
v0x55b2ec46f4d0_0 .net "clk", 0 0, v0x55b2ec44a8f0_0;  alias, 1 drivers
L_0x7f08655618d0 .functor BUFT 1, C4<0>, C4<0>, C4<0>, C4<0>;
v0x55b2ec46f590_0 .net "hold", 0 0, L_0x7f08655618d0;  1 drivers
v0x55b2ec46f660_0 .net "in", 31 0, L_0x55b2ec4927c0;  alias, 1 drivers
v0x55b2ec46f730_0 .var "out", 31 0;
S_0x55b2ec46f8e0 .scope module, "reg_regwrite_s4" "regr" 3 308, 6 31 0, S_0x55b2ec4641f0;
 .timescale 0 0;
    .port_info 0 /INPUT 1 "clk"
    .port_info 1 /INPUT 1 "clear"
    .port_info 2 /INPUT 1 "hold"
    .port_info 3 /INPUT 2 "in"
    .port_info 4 /OUTPUT 2 "out"
P_0x55b2ec46fab0 .param/l "N" 0 6 38, +C4<00000000000000000000000000000010>;
L_0x7f08655617b0 .functor BUFT 1, C4<0>, C4<0>, C4<0>, C4<0>;
v0x55b2ec46fc00_0 .net "clear", 0 0, L_0x7f08655617b0;  1 drivers
v0x55b2ec46fce0_0 .net "clk", 0 0, v0x55b2ec44a8f0_0;  alias, 1 drivers
L_0x7f08655617f8 .functor BUFT 1, C4<0>, C4<0>, C4<0>, C4<0>;
v0x55b2ec46fda0_0 .net "hold", 0 0, L_0x7f08655617f8;  1 drivers
v0x55b2ec46fe70_0 .net "in", 1 0, L_0x55b2ec491f60;  1 drivers
v0x55b2ec46ff30_0 .var "out", 1 0;
S_0x55b2ec470100 .scope module, "reg_s2_control" "regr" 3 207, 6 31 0, S_0x55b2ec4641f0;
 .timescale 0 0;
    .port_info 0 /INPUT 1 "clk"
    .port_info 1 /INPUT 1 "clear"
    .port_info 2 /INPUT 1 "hold"
    .port_info 3 /INPUT 8 "in"
    .port_info 4 /OUTPUT 8 "out"
P_0x55b2ec4702d0 .param/l "N" 0 6 38, +C4<00000000000000000000000000001000>;
v0x55b2ec470420_0 .net "clear", 0 0, v0x55b2ec47b750_0;  alias, 1 drivers
v0x55b2ec470510_0 .net "clk", 0 0, v0x55b2ec44a8f0_0;  alias, 1 drivers
L_0x7f08655611c8 .functor BUFT 1, C4<0>, C4<0>, C4<0>, C4<0>;
v0x55b2ec4705b0_0 .net "hold", 0 0, L_0x7f08655611c8;  1 drivers
v0x55b2ec470680_0 .net "in", 7 0, L_0x55b2ec48de40;  1 drivers
v0x55b2ec470740_0 .var "out", 7 0;
S_0x55b2ec470910 .scope module, "reg_s2_mem" "regr" 3 153, 6 31 0, S_0x55b2ec4641f0;
 .timescale 0 0;
    .port_info 0 /INPUT 1 "clk"
    .port_info 1 /INPUT 1 "clear"
    .port_info 2 /INPUT 1 "hold"
    .port_info 3 /INPUT 64 "in"
    .port_info 4 /OUTPUT 64 "out"
P_0x55b2ec470ae0 .param/l "N" 0 6 38, +C4<00000000000000000000000001000000>;
v0x55b2ec470c30_0 .net "clear", 0 0, o0x7f0865cde9a8;  alias, 0 drivers
v0x55b2ec470cf0_0 .net "clk", 0 0, v0x55b2ec44a8f0_0;  alias, 1 drivers
v0x55b2ec470db0_0 .net "hold", 0 0, v0x55b2ec47b750_0;  alias, 1 drivers
v0x55b2ec470e80_0 .net "in", 63 0, L_0x55b2ec48d360;  1 drivers
v0x55b2ec470f20_0 .var "out", 63 0;
S_0x55b2ec4710f0 .scope module, "reg_s2_rt_rd" "regr" 3 163, 6 31 0, S_0x55b2ec4641f0;
 .timescale 0 0;
    .port_info 0 /INPUT 1 "clk"
    .port_info 1 /INPUT 1 "clear"
    .port_info 2 /INPUT 1 "hold"
    .port_info 3 /INPUT 10 "in"
    .port_info 4 /OUTPUT 10 "out"
P_0x55b2ec4712c0 .param/l "N" 0 6 38, +C4<00000000000000000000000000001010>;
v0x55b2ec4713e0_0 .net "clear", 0 0, o0x7f0865cde9a8;  alias, 0 drivers
v0x55b2ec4714a0_0 .net "clk", 0 0, v0x55b2ec44a8f0_0;  alias, 1 drivers
v0x55b2ec471560_0 .net "hold", 0 0, v0x55b2ec47b750_0;  alias, 1 drivers
v0x55b2ec471630_0 .net "in", 9 0, L_0x55b2ec48d620;  1 drivers
v0x55b2ec4716d0_0 .var "out", 9 0;
S_0x55b2ec4718a0 .scope module, "reg_s2_seimm" "regr" 3 161, 6 31 0, S_0x55b2ec4641f0;
 .timescale 0 0;
    .port_info 0 /INPUT 1 "clk"
    .port_info 1 /INPUT 1 "clear"
    .port_info 2 /INPUT 1 "hold"
    .port_info 3 /INPUT 32 "in"
    .port_info 4 /OUTPUT 32 "out"
P_0x55b2ec471a70 .param/l "N" 0 6 38, +C4<00000000000000000000000000100000>;
v0x55b2ec471bc0_0 .net "clear", 0 0, o0x7f0865cde9a8;  alias, 0 drivers
v0x55b2ec471c80_0 .net "clk", 0 0, v0x55b2ec44a8f0_0;  alias, 1 drivers
v0x55b2ec471d40_0 .net "hold", 0 0, v0x55b2ec47b750_0;  alias, 1 drivers
v0x55b2ec471e10_0 .net "in", 31 0, L_0x55b2ec48d100;  alias, 1 drivers
v0x55b2ec471eb0_0 .var "out", 31 0;
S_0x55b2ec472030 .scope module, "reg_s3" "regr" 3 239, 6 31 0, S_0x55b2ec4641f0;
 .timescale 0 0;
    .port_info 0 /INPUT 1 "clk"
    .port_info 1 /INPUT 1 "clear"
    .port_info 2 /INPUT 1 "hold"
    .port_info 3 /INPUT 4 "in"
    .port_info 4 /OUTPUT 4 "out"
P_0x55b2ec472200 .param/l "N" 0 6 38, +C4<00000000000000000000000000000100>;
v0x55b2ec4723e0_0 .net "clear", 0 0, o0x7f0865cde9a8;  alias, 0 drivers
v0x55b2ec4724a0_0 .net "clk", 0 0, v0x55b2ec44a8f0_0;  alias, 1 drivers
L_0x7f0865561330 .functor BUFT 1, C4<0>, C4<0>, C4<0>, C4<0>;
v0x55b2ec472560_0 .net "hold", 0 0, L_0x7f0865561330;  1 drivers
v0x55b2ec472630_0 .net "in", 3 0, L_0x55b2ec48ef10;  1 drivers
v0x55b2ec4726f0_0 .var "out", 3 0;
S_0x55b2ec4728c0 .scope module, "reg_wrreg" "regr" 3 282, 6 31 0, S_0x55b2ec4641f0;
 .timescale 0 0;
    .port_info 0 /INPUT 1 "clk"
    .port_info 1 /INPUT 1 "clear"
    .port_info 2 /INPUT 1 "hold"
    .port_info 3 /INPUT 5 "in"
    .port_info 4 /OUTPUT 5 "out"
P_0x55b2ec472a90 .param/l "N" 0 6 38, +C4<00000000000000000000000000000101>;
v0x55b2ec472be0_0 .net "clear", 0 0, o0x7f0865cdeb58;  alias, 0 drivers
v0x55b2ec472ca0_0 .net "clk", 0 0, v0x55b2ec44a8f0_0;  alias, 1 drivers
L_0x7f0865561648 .functor BUFT 1, C4<0>, C4<0>, C4<0>, C4<0>;
v0x55b2ec472d60_0 .net "hold", 0 0, L_0x7f0865561648;  1 drivers
v0x55b2ec472e30_0 .net "in", 4 0, L_0x55b2ec4917c0;  alias, 1 drivers
v0x55b2ec472ef0_0 .var "out", 4 0;
S_0x55b2ec4730c0 .scope module, "reg_wrreg_s4" "regr" 3 329, 6 31 0, S_0x55b2ec4641f0;
 .timescale 0 0;
    .port_info 0 /INPUT 1 "clk"
    .port_info 1 /INPUT 1 "clear"
    .port_info 2 /INPUT 1 "hold"
    .port_info 3 /INPUT 5 "in"
    .port_info 4 /OUTPUT 5 "out"
P_0x55b2ec473290 .param/l "N" 0 6 38, +C4<00000000000000000000000000000101>;
L_0x7f08655619a8 .functor BUFT 1, C4<0>, C4<0>, C4<0>, C4<0>;
v0x55b2ec4733e0_0 .net "clear", 0 0, L_0x7f08655619a8;  1 drivers
v0x55b2ec4734c0_0 .net "clk", 0 0, v0x55b2ec44a8f0_0;  alias, 1 drivers
L_0x7f08655619f0 .functor BUFT 1, C4<0>, C4<0>, C4<0>, C4<0>;
v0x55b2ec473580_0 .net "hold", 0 0, L_0x7f08655619f0;  1 drivers
v0x55b2ec473650_0 .net "in", 4 0, v0x55b2ec472ef0_0;  alias, 1 drivers
v0x55b2ec473720_0 .var "out", 4 0;
S_0x55b2ec4738d0 .scope module, "reg_zero_s3_s4" "regr" 3 262, 6 31 0, S_0x55b2ec4641f0;
 .timescale 0 0;
    .port_info 0 /INPUT 1 "clk"
    .port_info 1 /INPUT 1 "clear"
    .port_info 2 /INPUT 1 "hold"
    .port_info 3 /INPUT 1 "in"
    .port_info 4 /OUTPUT 1 "out"
P_0x55b2ec473aa0 .param/l "N" 0 6 38, +C4<00000000000000000000000000000001>;
L_0x7f0865561528 .functor BUFT 1, C4<0>, C4<0>, C4<0>, C4<0>;
v0x55b2ec473bf0_0 .net "clear", 0 0, L_0x7f0865561528;  1 drivers
v0x55b2ec473cd0_0 .net "clk", 0 0, v0x55b2ec44a8f0_0;  alias, 1 drivers
L_0x7f0865561570 .functor BUFT 1, C4<0>, C4<0>, C4<0>, C4<0>;
v0x55b2ec473d90_0 .net "hold", 0 0, L_0x7f0865561570;  1 drivers
v0x55b2ec473e60_0 .net "in", 0 0, L_0x55b2ec48fa50;  alias, 1 drivers
v0x55b2ec473f30_0 .var "out", 0 0;
S_0x55b2ec4740e0 .scope module, "regm1" "regm" 3 141, 10 27 0, S_0x55b2ec4641f0;
 .timescale 0 0;
    .port_info 0 /INPUT 1 "clk"
    .port_info 1 /INPUT 5 "read1"
    .port_info 2 /INPUT 5 "read2"
    .port_info 3 /OUTPUT 32 "data1"
    .port_info 4 /OUTPUT 32 "data2"
    .port_info 5 /INPUT 1 "regwrite"
    .port_info 6 /INPUT 5 "wrreg"
    .port_info 7 /INPUT 32 "wrdata"
P_0x55b2ec4722a0 .param/l "NMEM" 0 10 35, +C4<00000000000000000000000000010100>;
P_0x55b2ec4722e0 .param/str "RM_DATA" 0 10 37, "rm_data.txt";
v0x55b2ec474710_0 .var "_data1", 31 0;
v0x55b2ec474810_0 .var "_data2", 31 0;
v0x55b2ec4748f0_0 .net "clk", 0 0, v0x55b2ec44a8f0_0;  alias, 1 drivers
v0x55b2ec4749c0_0 .net "data1", 31 0, v0x55b2ec474710_0;  alias, 1 drivers
v0x55b2ec474a80_0 .net "data2", 31 0, v0x55b2ec474810_0;  alias, 1 drivers
v0x55b2ec474bb0 .array "mem", 31 0, 31 0;
v0x55b2ec475070_0 .net "read1", 4 0, L_0x55b2ec48c550;  alias, 1 drivers
v0x55b2ec475150_0 .net "read2", 4 0, L_0x55b2ec48c5f0;  alias, 1 drivers
v0x55b2ec475230_0 .net "regwrite", 0 0, L_0x55b2ec492230;  alias, 1 drivers
v0x55b2ec4752f0_0 .net "wrdata", 31 0, L_0x55b2ec492db0;  alias, 1 drivers
v0x55b2ec4753d0_0 .net "wrreg", 4 0, v0x55b2ec473720_0;  alias, 1 drivers
E_0x55b2ec4699c0/0 .event edge, v0x55b2ec475150_0, v0x55b2ec473720_0, v0x55b2ec475230_0, v0x55b2ec4752f0_0;
v0x55b2ec474bb0_0 .array/port v0x55b2ec474bb0, 0;
v0x55b2ec474bb0_1 .array/port v0x55b2ec474bb0, 1;
v0x55b2ec474bb0_2 .array/port v0x55b2ec474bb0, 2;
v0x55b2ec474bb0_3 .array/port v0x55b2ec474bb0, 3;
E_0x55b2ec4699c0/1 .event edge, v0x55b2ec474bb0_0, v0x55b2ec474bb0_1, v0x55b2ec474bb0_2, v0x55b2ec474bb0_3;
v0x55b2ec474bb0_4 .array/port v0x55b2ec474bb0, 4;
v0x55b2ec474bb0_5 .array/port v0x55b2ec474bb0, 5;
v0x55b2ec474bb0_6 .array/port v0x55b2ec474bb0, 6;
v0x55b2ec474bb0_7 .array/port v0x55b2ec474bb0, 7;
E_0x55b2ec4699c0/2 .event edge, v0x55b2ec474bb0_4, v0x55b2ec474bb0_5, v0x55b2ec474bb0_6, v0x55b2ec474bb0_7;
v0x55b2ec474bb0_8 .array/port v0x55b2ec474bb0, 8;
v0x55b2ec474bb0_9 .array/port v0x55b2ec474bb0, 9;
v0x55b2ec474bb0_10 .array/port v0x55b2ec474bb0, 10;
v0x55b2ec474bb0_11 .array/port v0x55b2ec474bb0, 11;
E_0x55b2ec4699c0/3 .event edge, v0x55b2ec474bb0_8, v0x55b2ec474bb0_9, v0x55b2ec474bb0_10, v0x55b2ec474bb0_11;
v0x55b2ec474bb0_12 .array/port v0x55b2ec474bb0, 12;
v0x55b2ec474bb0_13 .array/port v0x55b2ec474bb0, 13;
v0x55b2ec474bb0_14 .array/port v0x55b2ec474bb0, 14;
v0x55b2ec474bb0_15 .array/port v0x55b2ec474bb0, 15;
E_0x55b2ec4699c0/4 .event edge, v0x55b2ec474bb0_12, v0x55b2ec474bb0_13, v0x55b2ec474bb0_14, v0x55b2ec474bb0_15;
v0x55b2ec474bb0_16 .array/port v0x55b2ec474bb0, 16;
v0x55b2ec474bb0_17 .array/port v0x55b2ec474bb0, 17;
v0x55b2ec474bb0_18 .array/port v0x55b2ec474bb0, 18;
v0x55b2ec474bb0_19 .array/port v0x55b2ec474bb0, 19;
E_0x55b2ec4699c0/5 .event edge, v0x55b2ec474bb0_16, v0x55b2ec474bb0_17, v0x55b2ec474bb0_18, v0x55b2ec474bb0_19;
v0x55b2ec474bb0_20 .array/port v0x55b2ec474bb0, 20;
v0x55b2ec474bb0_21 .array/port v0x55b2ec474bb0, 21;
v0x55b2ec474bb0_22 .array/port v0x55b2ec474bb0, 22;
v0x55b2ec474bb0_23 .array/port v0x55b2ec474bb0, 23;
E_0x55b2ec4699c0/6 .event edge, v0x55b2ec474bb0_20, v0x55b2ec474bb0_21, v0x55b2ec474bb0_22, v0x55b2ec474bb0_23;
v0x55b2ec474bb0_24 .array/port v0x55b2ec474bb0, 24;
v0x55b2ec474bb0_25 .array/port v0x55b2ec474bb0, 25;
v0x55b2ec474bb0_26 .array/port v0x55b2ec474bb0, 26;
v0x55b2ec474bb0_27 .array/port v0x55b2ec474bb0, 27;
E_0x55b2ec4699c0/7 .event edge, v0x55b2ec474bb0_24, v0x55b2ec474bb0_25, v0x55b2ec474bb0_26, v0x55b2ec474bb0_27;
v0x55b2ec474bb0_28 .array/port v0x55b2ec474bb0, 28;
v0x55b2ec474bb0_29 .array/port v0x55b2ec474bb0, 29;
v0x55b2ec474bb0_30 .array/port v0x55b2ec474bb0, 30;
v0x55b2ec474bb0_31 .array/port v0x55b2ec474bb0, 31;
E_0x55b2ec4699c0/8 .event edge, v0x55b2ec474bb0_28, v0x55b2ec474bb0_29, v0x55b2ec474bb0_30, v0x55b2ec474bb0_31;
E_0x55b2ec4699c0/9 .event edge, v0x55b2ec474810_0;
E_0x55b2ec4699c0 .event/or E_0x55b2ec4699c0/0, E_0x55b2ec4699c0/1, E_0x55b2ec4699c0/2, E_0x55b2ec4699c0/3, E_0x55b2ec4699c0/4, E_0x55b2ec4699c0/5, E_0x55b2ec4699c0/6, E_0x55b2ec4699c0/7, E_0x55b2ec4699c0/8, E_0x55b2ec4699c0/9;
E_0x55b2ec4745a0/0 .event edge, v0x55b2ec475070_0, v0x55b2ec473720_0, v0x55b2ec475230_0, v0x55b2ec4752f0_0;
E_0x55b2ec4745a0/1 .event edge, v0x55b2ec474bb0_0, v0x55b2ec474bb0_1, v0x55b2ec474bb0_2, v0x55b2ec474bb0_3;
E_0x55b2ec4745a0/2 .event edge, v0x55b2ec474bb0_4, v0x55b2ec474bb0_5, v0x55b2ec474bb0_6, v0x55b2ec474bb0_7;
E_0x55b2ec4745a0/3 .event edge, v0x55b2ec474bb0_8, v0x55b2ec474bb0_9, v0x55b2ec474bb0_10, v0x55b2ec474bb0_11;
E_0x55b2ec4745a0/4 .event edge, v0x55b2ec474bb0_12, v0x55b2ec474bb0_13, v0x55b2ec474bb0_14, v0x55b2ec474bb0_15;
E_0x55b2ec4745a0/5 .event edge, v0x55b2ec474bb0_16, v0x55b2ec474bb0_17, v0x55b2ec474bb0_18, v0x55b2ec474bb0_19;
E_0x55b2ec4745a0/6 .event edge, v0x55b2ec474bb0_20, v0x55b2ec474bb0_21, v0x55b2ec474bb0_22, v0x55b2ec474bb0_23;
E_0x55b2ec4745a0/7 .event edge, v0x55b2ec474bb0_24, v0x55b2ec474bb0_25, v0x55b2ec474bb0_26, v0x55b2ec474bb0_27;
E_0x55b2ec4745a0/8 .event edge, v0x55b2ec474bb0_28, v0x55b2ec474bb0_29, v0x55b2ec474bb0_30, v0x55b2ec474bb0_31;
E_0x55b2ec4745a0/9 .event edge, v0x55b2ec474710_0;
E_0x55b2ec4745a0 .event/or E_0x55b2ec4745a0/0, E_0x55b2ec4745a0/1, E_0x55b2ec4745a0/2, E_0x55b2ec4745a0/3, E_0x55b2ec4745a0/4, E_0x55b2ec4745a0/5, E_0x55b2ec4745a0/6, E_0x55b2ec4745a0/7, E_0x55b2ec4745a0/8, E_0x55b2ec4745a0/9;
S_0x55b2ec475570 .scope module, "regr_im_s2" "regr" 3 112, 6 31 0, S_0x55b2ec4641f0;
 .timescale 0 0;
    .port_info 0 /INPUT 1 "clk"
    .port_info 1 /INPUT 1 "clear"
    .port_info 2 /INPUT 1 "hold"
    .port_info 3 /INPUT 32 "in"
    .port_info 4 /OUTPUT 32 "out"
P_0x55b2ec4756f0 .param/l "N" 0 6 38, +C4<00000000000000000000000000100000>;
v0x55b2ec475900_0 .net "clear", 0 0, o0x7f0865ce1b88;  alias, 0 drivers
v0x55b2ec4759e0_0 .net "clk", 0 0, v0x55b2ec44a8f0_0;  alias, 1 drivers
v0x55b2ec475aa0_0 .net "hold", 0 0, v0x55b2ec47b750_0;  alias, 1 drivers
v0x55b2ec475b70_0 .net "in", 31 0, L_0x55b2ec3a9c40;  alias, 1 drivers
v0x55b2ec475c40_0 .var "out", 31 0;
S_0x55b2ec475dd0 .scope module, "regr_pc4_s2" "regr" 3 103, 6 31 0, S_0x55b2ec4641f0;
 .timescale 0 0;
    .port_info 0 /INPUT 1 "clk"
    .port_info 1 /INPUT 1 "clear"
    .port_info 2 /INPUT 1 "hold"
    .port_info 3 /INPUT 32 "in"
    .port_info 4 /OUTPUT 32 "out"
P_0x55b2ec475fa0 .param/l "N" 0 6 38, +C4<00000000000000000000000000100000>;
v0x55b2ec4760f0_0 .net "clear", 0 0, o0x7f0865ce1b88;  alias, 0 drivers
v0x55b2ec4761e0_0 .net "clk", 0 0, v0x55b2ec44a8f0_0;  alias, 1 drivers
v0x55b2ec476280_0 .net "hold", 0 0, v0x55b2ec47b750_0;  alias, 1 drivers
v0x55b2ec476350_0 .net "in", 31 0, L_0x55b2ec48bf20;  alias, 1 drivers
v0x55b2ec4763f0_0 .var "out", 31 0;
S_0x55b2ec4765b0 .scope module, "regr_s2_rs" "regr" 3 148, 6 31 0, S_0x55b2ec4641f0;
 .timescale 0 0;
    .port_info 0 /INPUT 1 "clk"
    .port_info 1 /INPUT 1 "clear"
    .port_info 2 /INPUT 1 "hold"
    .port_info 3 /INPUT 5 "in"
    .port_info 4 /OUTPUT 5 "out"
P_0x55b2ec476780 .param/l "N" 0 6 38, +C4<00000000000000000000000000000101>;
L_0x7f08655610f0 .functor BUFT 1, C4<0>, C4<0>, C4<0>, C4<0>;
v0x55b2ec4768d0_0 .net "clear", 0 0, L_0x7f08655610f0;  1 drivers
v0x55b2ec4769b0_0 .net "clk", 0 0, v0x55b2ec44a8f0_0;  alias, 1 drivers
v0x55b2ec476a70_0 .net "hold", 0 0, v0x55b2ec47b750_0;  alias, 1 drivers
v0x55b2ec476b40_0 .net "in", 4 0, L_0x55b2ec48c550;  alias, 1 drivers
v0x55b2ec476c10_0 .var "out", 4 0;
    .scope S_0x55b2ec41d5f0;
T_0 ;
    %pushi/vec4 1, 0, 1;
    %store/vec4 v0x55b2ec44a8f0_0, 0, 1;
    %end;
    .thread T_0;
    .scope S_0x55b2ec41d5f0;
T_1 ;
    %load/vec4 v0x55b2ec44a8f0_0;
    %inv;
    %store/vec4 v0x55b2ec440e60_0, 0, 1;
    %pushi/vec4 1, 0, 64;
    %ix/vec4 4;
    %delayx 4;
    %load/vec4 v0x55b2ec440e60_0;
    %store/vec4 v0x55b2ec44a8f0_0, 0, 1;
    %jmp T_1;
    .thread T_1;
    .scope S_0x55b2ec475dd0;
T_2 ;
    %wait E_0x55b2ec3bc820;
    %load/vec4 v0x55b2ec4760f0_0;
    %flag_set/vec4 8;
    %jmp/0xz  T_2.0, 8;
    %pushi/vec4 0, 0, 32;
    %assign/vec4 v0x55b2ec4763f0_0, 0;
    %jmp T_2.1;
T_2.0 ;
    %load/vec4 v0x55b2ec476280_0;
    %flag_set/vec4 8;
    %jmp/0xz  T_2.2, 8;
    %load/vec4 v0x55b2ec4763f0_0;
    %assign/vec4 v0x55b2ec4763f0_0, 0;
    %jmp T_2.3;
T_2.2 ;
    %load/vec4 v0x55b2ec476350_0;
    %assign/vec4 v0x55b2ec4763f0_0, 0;
T_2.3 ;
T_2.1 ;
    %jmp T_2;
    .thread T_2;
    .scope S_0x55b2ec46a440;
T_3 ;
    %vpi_call 9 36 "$readmemh", P_0x55b2ec46a650, v0x55b2ec46aeb0, 32'sb00000000000000000000000000000000, 32'sb00000000000000000000000000010011 {0 0 0};
    %end;
    .thread T_3;
    .scope S_0x55b2ec475570;
T_4 ;
    %wait E_0x55b2ec3bc820;
    %load/vec4 v0x55b2ec475900_0;
    %flag_set/vec4 8;
    %jmp/0xz  T_4.0, 8;
    %pushi/vec4 0, 0, 32;
    %assign/vec4 v0x55b2ec475c40_0, 0;
    %jmp T_4.1;
T_4.0 ;
    %load/vec4 v0x55b2ec475aa0_0;
    %flag_set/vec4 8;
    %jmp/0xz  T_4.2, 8;
    %load/vec4 v0x55b2ec475c40_0;
    %assign/vec4 v0x55b2ec475c40_0, 0;
    %jmp T_4.3;
T_4.2 ;
    %load/vec4 v0x55b2ec475b70_0;
    %assign/vec4 v0x55b2ec475c40_0, 0;
T_4.3 ;
T_4.1 ;
    %jmp T_4;
    .thread T_4;
    .scope S_0x55b2ec4740e0;
T_5 ;
    %vpi_call 10 42 "$readmemh", P_0x55b2ec4722e0, v0x55b2ec474bb0, 32'sb00000000000000000000000000000000, 32'sb00000000000000000000000000010011 {0 0 0};
    %end;
    .thread T_5;
    .scope S_0x55b2ec4740e0;
T_6 ;
    %end;
    .thread T_6;
    .scope S_0x55b2ec4740e0;
T_7 ;
    %wait E_0x55b2ec4745a0;
    %load/vec4 v0x55b2ec475070_0;
    %cmpi/e 0, 0, 5;
    %jmp/0xz  T_7.0, 4;
    %pushi/vec4 0, 0, 32;
    %store/vec4 v0x55b2ec474710_0, 0, 32;
    %jmp T_7.1;
T_7.0 ;
    %load/vec4 v0x55b2ec475070_0;
    %load/vec4 v0x55b2ec4753d0_0;
    %cmp/e;
    %flag_get/vec4 4;
    %load/vec4 v0x55b2ec475230_0;
    %and;
    %flag_set/vec4 8;
    %jmp/0xz  T_7.2, 8;
    %load/vec4 v0x55b2ec4752f0_0;
    %store/vec4 v0x55b2ec474710_0, 0, 32;
    %jmp T_7.3;
T_7.2 ;
    %load/vec4 v0x55b2ec475070_0;
    %pad/u 7;
    %ix/vec4 4;
    %load/vec4a v0x55b2ec474bb0, 4;
    %store/vec4 v0x55b2ec474710_0, 0, 32;
T_7.3 ;
T_7.1 ;
    %vpi_call 10 73 "$display", "Register 1: r%d = %x", v0x55b2ec475070_0, v0x55b2ec474710_0 {0 0 0};
    %jmp T_7;
    .thread T_7, $push;
    .scope S_0x55b2ec4740e0;
T_8 ;
    %wait E_0x55b2ec4699c0;
    %load/vec4 v0x55b2ec475150_0;
    %cmpi/e 0, 0, 5;
    %jmp/0xz  T_8.0, 4;
    %pushi/vec4 0, 0, 32;
    %store/vec4 v0x55b2ec474810_0, 0, 32;
    %jmp T_8.1;
T_8.0 ;
    %load/vec4 v0x55b2ec475150_0;
    %load/vec4 v0x55b2ec4753d0_0;
    %cmp/e;
    %flag_get/vec4 4;
    %load/vec4 v0x55b2ec475230_0;
    %and;
    %flag_set/vec4 8;
    %jmp/0xz  T_8.2, 8;
    %load/vec4 v0x55b2ec4752f0_0;
    %store/vec4 v0x55b2ec474810_0, 0, 32;
    %jmp T_8.3;
T_8.2 ;
    %load/vec4 v0x55b2ec475150_0;
    %pad/u 7;
    %ix/vec4 4;
    %load/vec4a v0x55b2ec474bb0, 4;
    %store/vec4 v0x55b2ec474810_0, 0, 32;
T_8.3 ;
T_8.1 ;
    %vpi_call 10 83 "$display", "Register 2: r%d = %x", v0x55b2ec475150_0, v0x55b2ec474810_0 {0 0 0};
    %jmp T_8;
    .thread T_8, $push;
    .scope S_0x55b2ec4740e0;
T_9 ;
    %wait E_0x55b2ec3bc820;
    %load/vec4 v0x55b2ec475230_0;
    %load/vec4 v0x55b2ec4753d0_0;
    %pushi/vec4 0, 0, 5;
    %cmp/e;
    %flag_get/vec4 4;
    %inv;
    %and;
    %flag_set/vec4 8;
    %jmp/0xz  T_9.0, 8;
    %vpi_call 10 92 "$display" {0 0 0};
    %vpi_call 10 93 "$display", "------ Writing on register --------" {0 0 0};
    %vpi_call 10 94 "$display", "%d : %x", v0x55b2ec4753d0_0, v0x55b2ec4752f0_0 {0 0 0};
    %vpi_call 10 95 "$display", "-----------------------------------" {0 0 0};
    %vpi_call 10 96 "$display" {0 0 0};
    %load/vec4 v0x55b2ec4752f0_0;
    %load/vec4 v0x55b2ec4753d0_0;
    %pad/u 7;
    %ix/vec4 3;
    %ix/load 4, 0, 0; Constant delay
    %assign/vec4/a/d v0x55b2ec474bb0, 0, 4;
T_9.0 ;
    %jmp T_9;
    .thread T_9;
    .scope S_0x55b2ec4765b0;
T_10 ;
    %wait E_0x55b2ec3bc820;
    %load/vec4 v0x55b2ec4768d0_0;
    %flag_set/vec4 8;
    %jmp/0xz  T_10.0, 8;
    %pushi/vec4 0, 0, 5;
    %assign/vec4 v0x55b2ec476c10_0, 0;
    %jmp T_10.1;
T_10.0 ;
    %load/vec4 v0x55b2ec476a70_0;
    %flag_set/vec4 8;
    %jmp/0xz  T_10.2, 8;
    %load/vec4 v0x55b2ec476c10_0;
    %assign/vec4 v0x55b2ec476c10_0, 0;
    %jmp T_10.3;
T_10.2 ;
    %load/vec4 v0x55b2ec476b40_0;
    %assign/vec4 v0x55b2ec476c10_0, 0;
T_10.3 ;
T_10.1 ;
    %jmp T_10;
    .thread T_10;
    .scope S_0x55b2ec470910;
T_11 ;
    %wait E_0x55b2ec3bc820;
    %load/vec4 v0x55b2ec470c30_0;
    %flag_set/vec4 8;
    %jmp/0xz  T_11.0, 8;
    %pushi/vec4 0, 0, 64;
    %assign/vec4 v0x55b2ec470f20_0, 0;
    %jmp T_11.1;
T_11.0 ;
    %load/vec4 v0x55b2ec470db0_0;
    %flag_set/vec4 8;
    %jmp/0xz  T_11.2, 8;
    %load/vec4 v0x55b2ec470f20_0;
    %assign/vec4 v0x55b2ec470f20_0, 0;
    %jmp T_11.3;
T_11.2 ;
    %load/vec4 v0x55b2ec470e80_0;
    %assign/vec4 v0x55b2ec470f20_0, 0;
T_11.3 ;
T_11.1 ;
    %jmp T_11;
    .thread T_11;
    .scope S_0x55b2ec4718a0;
T_12 ;
    %wait E_0x55b2ec3bc820;
    %load/vec4 v0x55b2ec471bc0_0;
    %flag_set/vec4 8;
    %jmp/0xz  T_12.0, 8;
    %pushi/vec4 0, 0, 32;
    %assign/vec4 v0x55b2ec471eb0_0, 0;
    %jmp T_12.1;
T_12.0 ;
    %load/vec4 v0x55b2ec471d40_0;
    %flag_set/vec4 8;
    %jmp/0xz  T_12.2, 8;
    %load/vec4 v0x55b2ec471eb0_0;
    %assign/vec4 v0x55b2ec471eb0_0, 0;
    %jmp T_12.3;
T_12.2 ;
    %load/vec4 v0x55b2ec471e10_0;
    %assign/vec4 v0x55b2ec471eb0_0, 0;
T_12.3 ;
T_12.1 ;
    %jmp T_12;
    .thread T_12;
    .scope S_0x55b2ec4710f0;
T_13 ;
    %wait E_0x55b2ec3bc820;
    %load/vec4 v0x55b2ec4713e0_0;
    %flag_set/vec4 8;
    %jmp/0xz  T_13.0, 8;
    %pushi/vec4 0, 0, 10;
    %assign/vec4 v0x55b2ec4716d0_0, 0;
    %jmp T_13.1;
T_13.0 ;
    %load/vec4 v0x55b2ec471560_0;
    %flag_set/vec4 8;
    %jmp/0xz  T_13.2, 8;
    %load/vec4 v0x55b2ec4716d0_0;
    %assign/vec4 v0x55b2ec4716d0_0, 0;
    %jmp T_13.3;
T_13.2 ;
    %load/vec4 v0x55b2ec471630_0;
    %assign/vec4 v0x55b2ec4716d0_0, 0;
T_13.3 ;
T_13.1 ;
    %jmp T_13;
    .thread T_13;
    .scope S_0x55b2ec46e7a0;
T_14 ;
    %wait E_0x55b2ec3bc820;
    %load/vec4 v0x55b2ec46ebd0_0;
    %flag_set/vec4 8;
    %jmp/0xz  T_14.0, 8;
    %pushi/vec4 0, 0, 32;
    %assign/vec4 v0x55b2ec46ef00_0, 0;
    %jmp T_14.1;
T_14.0 ;
    %load/vec4 v0x55b2ec46ed70_0;
    %flag_set/vec4 8;
    %jmp/0xz  T_14.2, 8;
    %load/vec4 v0x55b2ec46ef00_0;
    %assign/vec4 v0x55b2ec46ef00_0, 0;
    %jmp T_14.3;
T_14.2 ;
    %load/vec4 v0x55b2ec46ee40_0;
    %assign/vec4 v0x55b2ec46ef00_0, 0;
T_14.3 ;
T_14.1 ;
    %jmp T_14;
    .thread T_14;
    .scope S_0x55b2ec468990;
T_15 ;
    %wait E_0x55b2ec451310;
    %pushi/vec4 2, 0, 2;
    %assign/vec4 v0x55b2ec468ba0_0, 0;
    %pushi/vec4 0, 0, 1;
    %assign/vec4 v0x55b2ec468ca0_0, 0;
    %pushi/vec4 0, 0, 1;
    %assign/vec4 v0x55b2ec468d60_0, 0;
    %pushi/vec4 0, 0, 1;
    %assign/vec4 v0x55b2ec468e00_0, 0;
    %pushi/vec4 0, 0, 1;
    %assign/vec4 v0x55b2ec468fd0_0, 0;
    %pushi/vec4 0, 0, 1;
    %assign/vec4 v0x55b2ec469090_0, 0;
    %pushi/vec4 0, 0, 1;
    %assign/vec4 v0x55b2ec469150_0, 0;
    %pushi/vec4 1, 0, 1;
    %assign/vec4 v0x55b2ec469380_0, 0;
    %pushi/vec4 1, 0, 1;
    %assign/vec4 v0x55b2ec469440_0, 0;
    %pushi/vec4 0, 0, 1;
    %assign/vec4 v0x55b2ec468ec0_0, 0;
    %load/vec4 v0x55b2ec469210_0;
    %dup/vec4;
    %pushi/vec4 35, 0, 6;
    %cmp/u;
    %jmp/1 T_15.0, 6;
    %dup/vec4;
    %pushi/vec4 8, 0, 6;
    %cmp/u;
    %jmp/1 T_15.1, 6;
    %dup/vec4;
    %pushi/vec4 4, 0, 6;
    %cmp/u;
    %jmp/1 T_15.2, 6;
    %dup/vec4;
    %pushi/vec4 43, 0, 6;
    %cmp/u;
    %jmp/1 T_15.3, 6;
    %dup/vec4;
    %pushi/vec4 5, 0, 6;
    %cmp/u;
    %jmp/1 T_15.4, 6;
    %dup/vec4;
    %pushi/vec4 0, 0, 6;
    %cmp/u;
    %jmp/1 T_15.5, 6;
    %dup/vec4;
    %pushi/vec4 2, 0, 6;
    %cmp/u;
    %jmp/1 T_15.6, 6;
    %jmp T_15.7;
T_15.0 ;
    %pushi/vec4 1, 0, 1;
    %assign/vec4 v0x55b2ec468fd0_0, 0;
    %pushi/vec4 0, 0, 1;
    %assign/vec4 v0x55b2ec469380_0, 0;
    %pushi/vec4 1, 0, 1;
    %assign/vec4 v0x55b2ec469090_0, 0;
    %pushi/vec4 0, 0, 1;
    %ix/load 4, 1, 0;
    %ix/load 5, 0, 0;
    %flag_set/imm 4, 0;
    %assign/vec4/off/d v0x55b2ec468ba0_0, 4, 5;
    %pushi/vec4 1, 0, 1;
    %assign/vec4 v0x55b2ec468ca0_0, 0;
    %jmp T_15.7;
T_15.1 ;
    %pushi/vec4 0, 0, 1;
    %assign/vec4 v0x55b2ec469380_0, 0;
    %pushi/vec4 0, 0, 1;
    %ix/load 4, 1, 0;
    %ix/load 5, 0, 0;
    %flag_set/imm 4, 0;
    %assign/vec4/off/d v0x55b2ec468ba0_0, 4, 5;
    %pushi/vec4 1, 0, 1;
    %assign/vec4 v0x55b2ec468ca0_0, 0;
    %jmp T_15.7;
T_15.2 ;
    %pushi/vec4 1, 0, 1;
    %ix/load 4, 0, 0;
    %ix/load 5, 0, 0;
    %flag_set/imm 4, 0;
    %assign/vec4/off/d v0x55b2ec468ba0_0, 4, 5;
    %pushi/vec4 0, 0, 1;
    %ix/load 4, 1, 0;
    %ix/load 5, 0, 0;
    %flag_set/imm 4, 0;
    %assign/vec4/off/d v0x55b2ec468ba0_0, 4, 5;
    %pushi/vec4 1, 0, 1;
    %assign/vec4 v0x55b2ec468d60_0, 0;
    %pushi/vec4 0, 0, 1;
    %assign/vec4 v0x55b2ec469440_0, 0;
    %jmp T_15.7;
T_15.3 ;
    %pushi/vec4 1, 0, 1;
    %assign/vec4 v0x55b2ec469150_0, 0;
    %pushi/vec4 0, 0, 1;
    %ix/load 4, 1, 0;
    %ix/load 5, 0, 0;
    %flag_set/imm 4, 0;
    %assign/vec4/off/d v0x55b2ec468ba0_0, 4, 5;
    %pushi/vec4 1, 0, 1;
    %assign/vec4 v0x55b2ec468ca0_0, 0;
    %pushi/vec4 0, 0, 1;
    %assign/vec4 v0x55b2ec469440_0, 0;
    %jmp T_15.7;
T_15.4 ;
    %pushi/vec4 1, 0, 1;
    %ix/load 4, 0, 0;
    %ix/load 5, 0, 0;
    %flag_set/imm 4, 0;
    %assign/vec4/off/d v0x55b2ec468ba0_0, 4, 5;
    %pushi/vec4 0, 0, 1;
    %ix/load 4, 1, 0;
    %ix/load 5, 0, 0;
    %flag_set/imm 4, 0;
    %assign/vec4/off/d v0x55b2ec468ba0_0, 4, 5;
    %pushi/vec4 1, 0, 1;
    %assign/vec4 v0x55b2ec468e00_0, 0;
    %pushi/vec4 0, 0, 1;
    %assign/vec4 v0x55b2ec469440_0, 0;
    %jmp T_15.7;
T_15.5 ;
    %jmp T_15.7;
T_15.6 ;
    %pushi/vec4 1, 0, 1;
    %assign/vec4 v0x55b2ec468ec0_0, 0;
    %jmp T_15.7;
T_15.7 ;
    %pop/vec4 1;
    %jmp T_15;
    .thread T_15, $push;
    .scope S_0x55b2ec470100;
T_16 ;
    %wait E_0x55b2ec3bc820;
    %load/vec4 v0x55b2ec470420_0;
    %flag_set/vec4 8;
    %jmp/0xz  T_16.0, 8;
    %pushi/vec4 0, 0, 8;
    %assign/vec4 v0x55b2ec470740_0, 0;
    %jmp T_16.1;
T_16.0 ;
    %load/vec4 v0x55b2ec4705b0_0;
    %flag_set/vec4 8;
    %jmp/0xz  T_16.2, 8;
    %load/vec4 v0x55b2ec470740_0;
    %assign/vec4 v0x55b2ec470740_0, 0;
    %jmp T_16.3;
T_16.2 ;
    %load/vec4 v0x55b2ec470680_0;
    %assign/vec4 v0x55b2ec470740_0, 0;
T_16.3 ;
T_16.1 ;
    %jmp T_16;
    .thread T_16;
    .scope S_0x55b2ec4679a0;
T_17 ;
    %wait E_0x55b2ec3bc820;
    %load/vec4 v0x55b2ec467ce0_0;
    %flag_set/vec4 8;
    %jmp/0xz  T_17.0, 8;
    %pushi/vec4 0, 0, 2;
    %assign/vec4 v0x55b2ec468000_0, 0;
    %jmp T_17.1;
T_17.0 ;
    %load/vec4 v0x55b2ec467e70_0;
    %flag_set/vec4 8;
    %jmp/0xz  T_17.2, 8;
    %load/vec4 v0x55b2ec468000_0;
    %assign/vec4 v0x55b2ec468000_0, 0;
    %jmp T_17.3;
T_17.2 ;
    %load/vec4 v0x55b2ec467f40_0;
    %assign/vec4 v0x55b2ec468000_0, 0;
T_17.3 ;
T_17.1 ;
    %jmp T_17;
    .thread T_17;
    .scope S_0x55b2ec4669f0;
T_18 ;
    %wait E_0x55b2ec3bc820;
    %load/vec4 v0x55b2ec466c80_0;
    %flag_set/vec4 8;
    %jmp/0xz  T_18.0, 8;
    %pushi/vec4 0, 0, 32;
    %assign/vec4 v0x55b2ec466fa0_0, 0;
    %jmp T_18.1;
T_18.0 ;
    %load/vec4 v0x55b2ec466e30_0;
    %flag_set/vec4 8;
    %jmp/0xz  T_18.2, 8;
    %load/vec4 v0x55b2ec466fa0_0;
    %assign/vec4 v0x55b2ec466fa0_0, 0;
    %jmp T_18.3;
T_18.2 ;
    %load/vec4 v0x55b2ec466f00_0;
    %assign/vec4 v0x55b2ec466fa0_0, 0;
T_18.3 ;
T_18.1 ;
    %jmp T_18;
    .thread T_18;
    .scope S_0x55b2ec46d7c0;
T_19 ;
    %wait E_0x55b2ec3bc820;
    %load/vec4 v0x55b2ec46dae0_0;
    %flag_set/vec4 8;
    %jmp/0xz  T_19.0, 8;
    %pushi/vec4 0, 0, 1;
    %assign/vec4 v0x55b2ec46de00_0, 0;
    %jmp T_19.1;
T_19.0 ;
    %load/vec4 v0x55b2ec46dc60_0;
    %flag_set/vec4 8;
    %jmp/0xz  T_19.2, 8;
    %load/vec4 v0x55b2ec46de00_0;
    %assign/vec4 v0x55b2ec46de00_0, 0;
    %jmp T_19.3;
T_19.2 ;
    %load/vec4 v0x55b2ec46dd30_0;
    %assign/vec4 v0x55b2ec46de00_0, 0;
T_19.3 ;
T_19.1 ;
    %jmp T_19;
    .thread T_19;
    .scope S_0x55b2ec46c800;
T_20 ;
    %wait E_0x55b2ec3bc820;
    %load/vec4 v0x55b2ec46cb20_0;
    %flag_set/vec4 8;
    %jmp/0xz  T_20.0, 8;
    %pushi/vec4 0, 0, 32;
    %assign/vec4 v0x55b2ec46ce50_0, 0;
    %jmp T_20.1;
T_20.0 ;
    %load/vec4 v0x55b2ec46ccf0_0;
    %flag_set/vec4 8;
    %jmp/0xz  T_20.2, 8;
    %load/vec4 v0x55b2ec46ce50_0;
    %assign/vec4 v0x55b2ec46ce50_0, 0;
    %jmp T_20.3;
T_20.2 ;
    %load/vec4 v0x55b2ec46cd90_0;
    %assign/vec4 v0x55b2ec46ce50_0, 0;
T_20.3 ;
T_20.1 ;
    %jmp T_20;
    .thread T_20;
    .scope S_0x55b2ec472030;
T_21 ;
    %wait E_0x55b2ec3bc820;
    %load/vec4 v0x55b2ec4723e0_0;
    %flag_set/vec4 8;
    %jmp/0xz  T_21.0, 8;
    %pushi/vec4 0, 0, 4;
    %assign/vec4 v0x55b2ec4726f0_0, 0;
    %jmp T_21.1;
T_21.0 ;
    %load/vec4 v0x55b2ec472560_0;
    %flag_set/vec4 8;
    %jmp/0xz  T_21.2, 8;
    %load/vec4 v0x55b2ec4726f0_0;
    %assign/vec4 v0x55b2ec4726f0_0, 0;
    %jmp T_21.3;
T_21.2 ;
    %load/vec4 v0x55b2ec472630_0;
    %assign/vec4 v0x55b2ec4726f0_0, 0;
T_21.3 ;
T_21.1 ;
    %jmp T_21;
    .thread T_21;
    .scope S_0x55b2ec4663e0;
T_22 ;
    %wait E_0x55b2ec3bcac0;
    %load/vec4 v0x55b2ec466890_0;
    %parti/s 4, 0, 2;
    %dup/vec4;
    %pushi/vec4 0, 0, 4;
    %cmp/u;
    %jmp/1 T_22.0, 6;
    %dup/vec4;
    %pushi/vec4 2, 0, 4;
    %cmp/u;
    %jmp/1 T_22.1, 6;
    %dup/vec4;
    %pushi/vec4 5, 0, 4;
    %cmp/u;
    %jmp/1 T_22.2, 6;
    %dup/vec4;
    %pushi/vec4 6, 0, 4;
    %cmp/u;
    %jmp/1 T_22.3, 6;
    %dup/vec4;
    %pushi/vec4 7, 0, 4;
    %cmp/u;
    %jmp/1 T_22.4, 6;
    %dup/vec4;
    %pushi/vec4 10, 0, 4;
    %cmp/u;
    %jmp/1 T_22.5, 6;
    %pushi/vec4 0, 0, 4;
    %store/vec4 v0x55b2ec466630_0, 0, 4;
    %jmp T_22.7;
T_22.0 ;
    %pushi/vec4 2, 0, 4;
    %store/vec4 v0x55b2ec466630_0, 0, 4;
    %jmp T_22.7;
T_22.1 ;
    %pushi/vec4 6, 0, 4;
    %store/vec4 v0x55b2ec466630_0, 0, 4;
    %jmp T_22.7;
T_22.2 ;
    %pushi/vec4 1, 0, 4;
    %store/vec4 v0x55b2ec466630_0, 0, 4;
    %jmp T_22.7;
T_22.3 ;
    %pushi/vec4 13, 0, 4;
    %store/vec4 v0x55b2ec466630_0, 0, 4;
    %jmp T_22.7;
T_22.4 ;
    %pushi/vec4 12, 0, 4;
    %store/vec4 v0x55b2ec466630_0, 0, 4;
    %jmp T_22.7;
T_22.5 ;
    %pushi/vec4 7, 0, 4;
    %store/vec4 v0x55b2ec466630_0, 0, 4;
    %jmp T_22.7;
T_22.7 ;
    %pop/vec4 1;
    %jmp T_22;
    .thread T_22, $push;
    .scope S_0x55b2ec4663e0;
T_23 ;
    %wait E_0x55b2ec3bd380;
    %load/vec4 v0x55b2ec4667f0_0;
    %dup/vec4;
    %pushi/vec4 0, 0, 2;
    %cmp/u;
    %jmp/1 T_23.0, 6;
    %dup/vec4;
    %pushi/vec4 1, 0, 2;
    %cmp/u;
    %jmp/1 T_23.1, 6;
    %dup/vec4;
    %pushi/vec4 2, 0, 2;
    %cmp/u;
    %jmp/1 T_23.2, 6;
    %dup/vec4;
    %pushi/vec4 3, 0, 2;
    %cmp/u;
    %jmp/1 T_23.3, 6;
    %pushi/vec4 0, 0, 4;
    %store/vec4 v0x55b2ec466730_0, 0, 4;
    %jmp T_23.5;
T_23.0 ;
    %pushi/vec4 2, 0, 4;
    %store/vec4 v0x55b2ec466730_0, 0, 4;
    %jmp T_23.5;
T_23.1 ;
    %pushi/vec4 6, 0, 4;
    %store/vec4 v0x55b2ec466730_0, 0, 4;
    %jmp T_23.5;
T_23.2 ;
    %load/vec4 v0x55b2ec466630_0;
    %store/vec4 v0x55b2ec466730_0, 0, 4;
    %jmp T_23.5;
T_23.3 ;
    %pushi/vec4 2, 0, 4;
    %store/vec4 v0x55b2ec466730_0, 0, 4;
    %jmp T_23.5;
T_23.5 ;
    %pop/vec4 1;
    %jmp T_23;
    .thread T_23, $push;
    .scope S_0x55b2ec4644e0;
T_24 ;
    %wait E_0x55b2ec3bc620;
    %load/vec4 v0x55b2ec465ce0_0;
    %dup/vec4;
    %pushi/vec4 2, 0, 4;
    %cmp/u;
    %jmp/1 T_24.0, 6;
    %dup/vec4;
    %pushi/vec4 0, 0, 4;
    %cmp/u;
    %jmp/1 T_24.1, 6;
    %dup/vec4;
    %pushi/vec4 12, 0, 4;
    %cmp/u;
    %jmp/1 T_24.2, 6;
    %dup/vec4;
    %pushi/vec4 1, 0, 4;
    %cmp/u;
    %jmp/1 T_24.3, 6;
    %dup/vec4;
    %pushi/vec4 7, 0, 4;
    %cmp/u;
    %jmp/1 T_24.4, 6;
    %dup/vec4;
    %pushi/vec4 6, 0, 4;
    %cmp/u;
    %jmp/1 T_24.5, 6;
    %dup/vec4;
    %pushi/vec4 13, 0, 4;
    %cmp/u;
    %jmp/1 T_24.6, 6;
    %pushi/vec4 0, 0, 32;
    %assign/vec4 v0x55b2ec466000_0, 0;
    %jmp T_24.8;
T_24.0 ;
    %load/vec4 v0x55b2ec465b20_0;
    %assign/vec4 v0x55b2ec466000_0, 0;
    %jmp T_24.8;
T_24.1 ;
    %load/vec4 v0x55b2ec465a40_0;
    %load/vec4 v0x55b2ec465c00_0;
    %and;
    %assign/vec4 v0x55b2ec466000_0, 0;
    %jmp T_24.8;
T_24.2 ;
    %load/vec4 v0x55b2ec465a40_0;
    %load/vec4 v0x55b2ec465c00_0;
    %or;
    %inv;
    %assign/vec4 v0x55b2ec466000_0, 0;
    %jmp T_24.8;
T_24.3 ;
    %load/vec4 v0x55b2ec465a40_0;
    %load/vec4 v0x55b2ec465c00_0;
    %or;
    %assign/vec4 v0x55b2ec466000_0, 0;
    %jmp T_24.8;
T_24.4 ;
    %pushi/vec4 0, 0, 31;
    %load/vec4 v0x55b2ec4660e0_0;
    %concat/vec4; draw_concat_vec4
    %assign/vec4 v0x55b2ec466000_0, 0;
    %jmp T_24.8;
T_24.5 ;
    %load/vec4 v0x55b2ec4661a0_0;
    %assign/vec4 v0x55b2ec466000_0, 0;
    %jmp T_24.8;
T_24.6 ;
    %load/vec4 v0x55b2ec465a40_0;
    %load/vec4 v0x55b2ec465c00_0;
    %xor;
    %assign/vec4 v0x55b2ec466000_0, 0;
    %jmp T_24.8;
T_24.8 ;
    %pop/vec4 1;
    %jmp T_24;
    .thread T_24, $push;
    .scope S_0x55b2ec4738d0;
T_25 ;
    %wait E_0x55b2ec3bc820;
    %load/vec4 v0x55b2ec473bf0_0;
    %flag_set/vec4 8;
    %jmp/0xz  T_25.0, 8;
    %pushi/vec4 0, 0, 1;
    %assign/vec4 v0x55b2ec473f30_0, 0;
    %jmp T_25.1;
T_25.0 ;
    %load/vec4 v0x55b2ec473d90_0;
    %flag_set/vec4 8;
    %jmp/0xz  T_25.2, 8;
    %load/vec4 v0x55b2ec473f30_0;
    %assign/vec4 v0x55b2ec473f30_0, 0;
    %jmp T_25.3;
T_25.2 ;
    %load/vec4 v0x55b2ec473e60_0;
    %assign/vec4 v0x55b2ec473f30_0, 0;
T_25.3 ;
T_25.1 ;
    %jmp T_25;
    .thread T_25;
    .scope S_0x55b2ec46aff0;
T_26 ;
    %wait E_0x55b2ec3bc820;
    %load/vec4 v0x55b2ec46b310_0;
    %flag_set/vec4 8;
    %jmp/0xz  T_26.0, 8;
    %pushi/vec4 0, 0, 32;
    %assign/vec4 v0x55b2ec46b620_0, 0;
    %jmp T_26.1;
T_26.0 ;
    %load/vec4 v0x55b2ec46b4c0_0;
    %flag_set/vec4 8;
    %jmp/0xz  T_26.2, 8;
    %load/vec4 v0x55b2ec46b620_0;
    %assign/vec4 v0x55b2ec46b620_0, 0;
    %jmp T_26.3;
T_26.2 ;
    %load/vec4 v0x55b2ec46b560_0;
    %assign/vec4 v0x55b2ec46b620_0, 0;
T_26.3 ;
T_26.1 ;
    %jmp T_26;
    .thread T_26;
    .scope S_0x55b2ec46c010;
T_27 ;
    %wait E_0x55b2ec3bc820;
    %load/vec4 v0x55b2ec46c330_0;
    %flag_set/vec4 8;
    %jmp/0xz  T_27.0, 8;
    %pushi/vec4 0, 0, 32;
    %assign/vec4 v0x55b2ec46c640_0, 0;
    %jmp T_27.1;
T_27.0 ;
    %load/vec4 v0x55b2ec46c4b0_0;
    %flag_set/vec4 8;
    %jmp/0xz  T_27.2, 8;
    %load/vec4 v0x55b2ec46c640_0;
    %assign/vec4 v0x55b2ec46c640_0, 0;
    %jmp T_27.3;
T_27.2 ;
    %load/vec4 v0x55b2ec46c580_0;
    %assign/vec4 v0x55b2ec46c640_0, 0;
T_27.3 ;
T_27.1 ;
    %jmp T_27;
    .thread T_27;
    .scope S_0x55b2ec4728c0;
T_28 ;
    %wait E_0x55b2ec3bc820;
    %load/vec4 v0x55b2ec472be0_0;
    %flag_set/vec4 8;
    %jmp/0xz  T_28.0, 8;
    %pushi/vec4 0, 0, 5;
    %assign/vec4 v0x55b2ec472ef0_0, 0;
    %jmp T_28.1;
T_28.0 ;
    %load/vec4 v0x55b2ec472d60_0;
    %flag_set/vec4 8;
    %jmp/0xz  T_28.2, 8;
    %load/vec4 v0x55b2ec472ef0_0;
    %assign/vec4 v0x55b2ec472ef0_0, 0;
    %jmp T_28.3;
T_28.2 ;
    %load/vec4 v0x55b2ec472e30_0;
    %assign/vec4 v0x55b2ec472ef0_0, 0;
T_28.3 ;
T_28.1 ;
    %jmp T_28;
    .thread T_28;
    .scope S_0x55b2ec4681d0;
T_29 ;
    %wait E_0x55b2ec3bc820;
    %load/vec4 v0x55b2ec4684f0_0;
    %flag_set/vec4 8;
    %jmp/0xz  T_29.0, 8;
    %pushi/vec4 0, 0, 2;
    %assign/vec4 v0x55b2ec468810_0, 0;
    %jmp T_29.1;
T_29.0 ;
    %load/vec4 v0x55b2ec468680_0;
    %flag_set/vec4 8;
    %jmp/0xz  T_29.2, 8;
    %load/vec4 v0x55b2ec468810_0;
    %assign/vec4 v0x55b2ec468810_0, 0;
    %jmp T_29.3;
T_29.2 ;
    %load/vec4 v0x55b2ec468750_0;
    %assign/vec4 v0x55b2ec468810_0, 0;
T_29.3 ;
T_29.1 ;
    %jmp T_29;
    .thread T_29;
    .scope S_0x55b2ec467170;
T_30 ;
    %wait E_0x55b2ec3bc820;
    %load/vec4 v0x55b2ec467490_0;
    %flag_set/vec4 8;
    %jmp/0xz  T_30.0, 8;
    %pushi/vec4 0, 0, 32;
    %assign/vec4 v0x55b2ec4677f0_0, 0;
    %jmp T_30.1;
T_30.0 ;
    %load/vec4 v0x55b2ec467680_0;
    %flag_set/vec4 8;
    %jmp/0xz  T_30.2, 8;
    %load/vec4 v0x55b2ec4677f0_0;
    %assign/vec4 v0x55b2ec4677f0_0, 0;
    %jmp T_30.3;
T_30.2 ;
    %load/vec4 v0x55b2ec467720_0;
    %assign/vec4 v0x55b2ec4677f0_0, 0;
T_30.3 ;
T_30.1 ;
    %jmp T_30;
    .thread T_30;
    .scope S_0x55b2ec46dfb0;
T_31 ;
    %wait E_0x55b2ec3bc820;
    %load/vec4 v0x55b2ec46e2d0_0;
    %flag_set/vec4 8;
    %jmp/0xz  T_31.0, 8;
    %pushi/vec4 0, 0, 1;
    %assign/vec4 v0x55b2ec46e5f0_0, 0;
    %jmp T_31.1;
T_31.0 ;
    %load/vec4 v0x55b2ec46e450_0;
    %flag_set/vec4 8;
    %jmp/0xz  T_31.2, 8;
    %load/vec4 v0x55b2ec46e5f0_0;
    %assign/vec4 v0x55b2ec46e5f0_0, 0;
    %jmp T_31.3;
T_31.2 ;
    %load/vec4 v0x55b2ec46e520_0;
    %assign/vec4 v0x55b2ec46e5f0_0, 0;
T_31.3 ;
T_31.1 ;
    %jmp T_31;
    .thread T_31;
    .scope S_0x55b2ec46d020;
T_32 ;
    %wait E_0x55b2ec3bc820;
    %load/vec4 v0x55b2ec46d340_0;
    %flag_set/vec4 8;
    %jmp/0xz  T_32.0, 8;
    %pushi/vec4 0, 0, 32;
    %assign/vec4 v0x55b2ec46d660_0, 0;
    %jmp T_32.1;
T_32.0 ;
    %load/vec4 v0x55b2ec46d4c0_0;
    %flag_set/vec4 8;
    %jmp/0xz  T_32.2, 8;
    %load/vec4 v0x55b2ec46d660_0;
    %assign/vec4 v0x55b2ec46d660_0, 0;
    %jmp T_32.3;
T_32.2 ;
    %load/vec4 v0x55b2ec46d590_0;
    %assign/vec4 v0x55b2ec46d660_0, 0;
T_32.3 ;
T_32.1 ;
    %jmp T_32;
    .thread T_32;
    .scope S_0x55b2ec46f8e0;
T_33 ;
    %wait E_0x55b2ec3bc820;
    %load/vec4 v0x55b2ec46fc00_0;
    %flag_set/vec4 8;
    %jmp/0xz  T_33.0, 8;
    %pushi/vec4 0, 0, 2;
    %assign/vec4 v0x55b2ec46ff30_0, 0;
    %jmp T_33.1;
T_33.0 ;
    %load/vec4 v0x55b2ec46fda0_0;
    %flag_set/vec4 8;
    %jmp/0xz  T_33.2, 8;
    %load/vec4 v0x55b2ec46ff30_0;
    %assign/vec4 v0x55b2ec46ff30_0, 0;
    %jmp T_33.3;
T_33.2 ;
    %load/vec4 v0x55b2ec46fe70_0;
    %assign/vec4 v0x55b2ec46ff30_0, 0;
T_33.3 ;
T_33.1 ;
    %jmp T_33;
    .thread T_33;
    .scope S_0x55b2ec469660;
T_34 ;
    %vpi_call 8 35 "$readmemh", P_0x55b2ec469820, v0x55b2ec469f40, 32'sb00000000000000000000000000000000, 32'sb00000000000000000000000000010011 {0 0 0};
    %end;
    .thread T_34;
    .scope S_0x55b2ec469660;
T_35 ;
    %wait E_0x55b2ec3bc820;
    %load/vec4 v0x55b2ec46a280_0;
    %flag_set/vec4 8;
    %jmp/0xz  T_35.0, 8;
    %load/vec4 v0x55b2ec46a1a0_0;
    %load/vec4 v0x55b2ec469d70_0;
    %pad/u 9;
    %ix/vec4 3;
    %ix/load 4, 0, 0; Constant delay
    %assign/vec4/a/d v0x55b2ec469f40, 0, 4;
T_35.0 ;
    %jmp T_35;
    .thread T_35;
    .scope S_0x55b2ec46f0d0;
T_36 ;
    %wait E_0x55b2ec3bc820;
    %load/vec4 v0x55b2ec46f3f0_0;
    %flag_set/vec4 8;
    %jmp/0xz  T_36.0, 8;
    %pushi/vec4 0, 0, 32;
    %assign/vec4 v0x55b2ec46f730_0, 0;
    %jmp T_36.1;
T_36.0 ;
    %load/vec4 v0x55b2ec46f590_0;
    %flag_set/vec4 8;
    %jmp/0xz  T_36.2, 8;
    %load/vec4 v0x55b2ec46f730_0;
    %assign/vec4 v0x55b2ec46f730_0, 0;
    %jmp T_36.3;
T_36.2 ;
    %load/vec4 v0x55b2ec46f660_0;
    %assign/vec4 v0x55b2ec46f730_0, 0;
T_36.3 ;
T_36.1 ;
    %jmp T_36;
    .thread T_36;
    .scope S_0x55b2ec46b7f0;
T_37 ;
    %wait E_0x55b2ec3bc820;
    %load/vec4 v0x55b2ec46bb10_0;
    %flag_set/vec4 8;
    %jmp/0xz  T_37.0, 8;
    %pushi/vec4 0, 0, 32;
    %assign/vec4 v0x55b2ec46be40_0, 0;
    %jmp T_37.1;
T_37.0 ;
    %load/vec4 v0x55b2ec46bcb0_0;
    %flag_set/vec4 8;
    %jmp/0xz  T_37.2, 8;
    %load/vec4 v0x55b2ec46be40_0;
    %assign/vec4 v0x55b2ec46be40_0, 0;
    %jmp T_37.3;
T_37.2 ;
    %load/vec4 v0x55b2ec46bd80_0;
    %assign/vec4 v0x55b2ec46be40_0, 0;
T_37.3 ;
T_37.1 ;
    %jmp T_37;
    .thread T_37;
    .scope S_0x55b2ec4730c0;
T_38 ;
    %wait E_0x55b2ec3bc820;
    %load/vec4 v0x55b2ec4733e0_0;
    %flag_set/vec4 8;
    %jmp/0xz  T_38.0, 8;
    %pushi/vec4 0, 0, 5;
    %assign/vec4 v0x55b2ec473720_0, 0;
    %jmp T_38.1;
T_38.0 ;
    %load/vec4 v0x55b2ec473580_0;
    %flag_set/vec4 8;
    %jmp/0xz  T_38.2, 8;
    %load/vec4 v0x55b2ec473720_0;
    %assign/vec4 v0x55b2ec473720_0, 0;
    %jmp T_38.3;
T_38.2 ;
    %load/vec4 v0x55b2ec473650_0;
    %assign/vec4 v0x55b2ec473720_0, 0;
T_38.3 ;
T_38.1 ;
    %jmp T_38;
    .thread T_38;
    .scope S_0x55b2ec4641f0;
T_39 ;
    %vpi_call 3 44 "$display", "if_pc,    if_instr, id_regrs, id_regrt, ex_alua,  ex_alub,  ex_aluctl, mem_memdata, mem_memread, mem_memwrite, wb_regdata, wb_regwrite" {0 0 0};
    %vpi_call 3 45 "$monitor", "%x, %x, %x, %x, %x, %x, %x,         %x,    %x,           %x,            %x,   %x", v0x55b2ec47a0f0_0, v0x55b2ec479250_0, v0x55b2ec4786b0_0, v0x55b2ec478860_0, v0x55b2ec4787a0_0, v0x55b2ec477de0_0, v0x55b2ec477770_0, v0x55b2ec478c20_0, v0x55b2ec479a60_0, v0x55b2ec479f50_0, v0x55b2ec47b900_0, v0x55b2ec47afe0_0, " " {0 0 0};
    %end;
    .thread T_39;
    .scope S_0x55b2ec4641f0;
T_40 ;
    %pushi/vec4 0, 0, 32;
    %assign/vec4 v0x55b2ec47a0f0_0, 0;
    %end;
    .thread T_40;
    .scope S_0x55b2ec4641f0;
T_41 ;
    %wait E_0x55b2ec3bc820;
    %load/vec4 v0x55b2ec47b750_0;
    %flag_set/vec4 8;
    %jmp/0xz  T_41.0, 8;
    %load/vec4 v0x55b2ec47a0f0_0;
    %assign/vec4 v0x55b2ec47a0f0_0, 0;
    %jmp T_41.1;
T_41.0 ;
    %load/vec4 v0x55b2ec47a830_0;
    %cmpi/e 1, 0, 1;
    %jmp/0xz  T_41.2, 4;
    %load/vec4 v0x55b2ec478110_0;
    %assign/vec4 v0x55b2ec47a0f0_0, 0;
    %jmp T_41.3;
T_41.2 ;
    %load/vec4 v0x55b2ec479880_0;
    %cmpi/e 1, 0, 1;
    %jmp/0xz  T_41.4, 4;
    %load/vec4 v0x55b2ec4795e0_0;
    %assign/vec4 v0x55b2ec47a0f0_0, 0;
    %jmp T_41.5;
T_41.4 ;
    %load/vec4 v0x55b2ec47a1c0_0;
    %assign/vec4 v0x55b2ec47a0f0_0, 0;
T_41.5 ;
T_41.3 ;
T_41.1 ;
    %jmp T_41;
    .thread T_41;
    .scope S_0x55b2ec4641f0;
T_42 ;
    %wait E_0x55b2ec3bd0a0;
    %pushi/vec4 1, 0, 1;
    %dup/vec4;
    %load/vec4 v0x55b2ec478340_0;
    %cmp/u;
    %jmp/1 T_42.0, 6;
    %dup/vec4;
    %load/vec4 v0x55b2ec478550_0;
    %cmp/u;
    %jmp/1 T_42.1, 6;
    %pushi/vec4 0, 0, 1;
    %assign/vec4 v0x55b2ec47a830_0, 0;
    %jmp T_42.3;
T_42.0 ;
    %load/vec4 v0x55b2ec47bdb0_0;
    %assign/vec4 v0x55b2ec47a830_0, 0;
    %jmp T_42.3;
T_42.1 ;
    %load/vec4 v0x55b2ec47bdb0_0;
    %inv;
    %assign/vec4 v0x55b2ec47a830_0, 0;
    %jmp T_42.3;
T_42.3 ;
    %pop/vec4 1;
    %jmp T_42;
    .thread T_42, $push;
    .scope S_0x55b2ec41d9d0;
T_43 ;
    %vpi_call 2 38 "$dumpfile", "test.vcd" {0 0 0};
    %vpi_call 2 39 "$dumpvars", 32'sb00000000000000000000000000000000, S_0x55b2ec41d9d0 {0 0 0};
    %delay 30, 0;
    %vpi_call 2 41 "$finish" {0 0 0};
    %end;
    .thread T_43;
# The file index is used to find the file name in the following table.
:file_names 11;
    "N/A";
    "<interactive>";
    "tb.v";
    "cpu_clear.v";
    "./alu.v";
    "./alu_control.v";
    "./regr.v";
    "./control.v";
    "./dm.v";
    "./im.v";
    "./regm.v";
